#
# There is insufficient memory for the Java Runtime Environment to continue.
# Native memory allocation (malloc) failed to allocate 1915776 bytes for Chunk::new
# Possible reasons:
#   The system is out of physical RAM or swap space
#   The process is running with CompressedOops enabled, and the Java Heap may be blocking the growth of the native heap
# Possible solutions:
#   Reduce memory load on the system
#   Increase physical memory or swap space
#   Check if swap backing store is full
#   Decrease Java heap size (-Xmx/-Xms)
#   Decrease number of Java threads
#   Decrease Java thread stack sizes (-Xss)
#   Set larger code cache with -XX:ReservedCodeCacheSize=
#   JVM is running with Unscaled Compressed Oops mode in which the Java heap is
#     placed in the first 4GB address space. The Java Heap base address is the
#     maximum limit for the native heap growth. Please use -XX:HeapBaseMinAddress
#     to set the Java Heap base and to place the Java Heap above 4GB virtual address.
# This output file may be truncated or incomplete.
#
#  Out of Memory Error (arena.cpp:184), pid=8624, tid=15956
#
# JRE version: Java(TM) SE Runtime Environment (19.0.2+7) (build 19.0.2+7-44)
# Java VM: Java HotSpot(TM) 64-Bit Server VM (19.0.2+7-44, mixed mode, sharing, tiered, compressed oops, compressed class ptrs, g1 gc, windows-amd64)
# No core dump will be written. Minidumps are not enabled by default on client versions of Windows
#

---------------  S U M M A R Y ------------

Command Line: --add-opens=java.base/java.util=ALL-UNNAMED --add-opens=java.base/java.lang=ALL-UNNAMED --add-opens=java.base/java.lang.invoke=ALL-UNNAMED --add-opens=java.base/java.util=ALL-UNNAMED --add-opens=java.prefs/java.util.prefs=ALL-UNNAMED --add-opens=java.prefs/java.util.prefs=ALL-UNNAMED --add-opens=java.base/java.nio.charset=ALL-UNNAMED --add-opens=java.base/java.net=ALL-UNNAMED --add-opens=java.base/java.util.concurrent.atomic=ALL-UNNAMED -XX:MaxMetaspaceSize=256m -XX:+HeapDumpOnOutOfMemoryError -Xms256m -Xmx512m -Dfile.encoding=windows-1252 -Duser.country=US -Duser.language=en -Duser.variant org.gradle.launcher.daemon.bootstrap.GradleDaemon 7.2

Host: 11th Gen Intel(R) Core(TM) i5-1135G7 @ 2.40GHz, 8 cores, 7G,  Windows 11 , 64 bit Build 22621 (10.0.22621.3958)
Time: Wed Sep 11 14:06:01 2024 SE Asia Standard Time elapsed time: 5.182922 seconds (0d 0h 0m 5s)

---------------  T H R E A D  ---------------

Current thread (0x0000020dc9634e20):  JavaThread "C2 CompilerThread0" daemon [_thread_in_native, id=15956, stack(0x000000be07f00000,0x000000be08000000)]


Current CompileTask:
C2:   5183 2439   !   4       java.lang.ClassLoader::loadClass (121 bytes)

Stack: [0x000000be07f00000,0x000000be08000000]
Native frames: (J=compiled Java code, j=interpreted, Vv=VM code, C=native code)
V  [jvm.dll+0x6ee21a]
V  [jvm.dll+0x85765e]
V  [jvm.dll+0x85904e]
V  [jvm.dll+0x859703]
V  [jvm.dll+0x28298f]
V  [jvm.dll+0xc9adf]
V  [jvm.dll+0xc9e65]
V  [jvm.dll+0x3bca4c]
V  [jvm.dll+0x1ee0aa]
V  [jvm.dll+0x24c52b]
V  [jvm.dll+0x24b781]
V  [jvm.dll+0x1d6ce1]
V  [jvm.dll+0x25b25a]
V  [jvm.dll+0x2596e8]
V  [jvm.dll+0x807588]
V  [jvm.dll+0x80125a]
V  [jvm.dll+0x6ecf0b]
C  [ucrtbase.dll+0x29333]
C  [KERNEL32.DLL+0x1257d]
C  [ntdll.dll+0x5af28]


---------------  P R O C E S S  ---------------

Threads class SMR info:
_java_thread_list=0x0000020dcf342d30, length=26, elements={
0x0000020dae612e50, 0x0000020dc962b580, 0x0000020dc962c050, 0x0000020dc962eea0,
0x0000020dc962f8c0, 0x0000020dc96313a0, 0x0000020dc9633e80, 0x0000020dc9634e20,
0x0000020dc9638680, 0x0000020dcd8124b0, 0x0000020dcd9441c0, 0x0000020dcd944700,
0x0000020dcea4bf30, 0x0000020dcf1d61b0, 0x0000020dcee49c50, 0x0000020dcf069b80,
0x0000020dcf069630, 0x0000020dcf06a0d0, 0x0000020dcf066bb0, 0x0000020dcf0680f0,
0x0000020dcf0690e0, 0x0000020dcf067100, 0x0000020dcf14ca30, 0x0000020dcf067650,
0x0000020dcf067ba0, 0x0000020dcf068640
}

Java Threads: ( => current thread )
  0x0000020dae612e50 JavaThread "main" [_thread_blocked, id=13912, stack(0x000000be07200000,0x000000be07300000)]
  0x0000020dc962b580 JavaThread "Reference Handler" daemon [_thread_blocked, id=24660, stack(0x000000be07900000,0x000000be07a00000)]
  0x0000020dc962c050 JavaThread "Finalizer" daemon [_thread_blocked, id=5600, stack(0x000000be07a00000,0x000000be07b00000)]
  0x0000020dc962eea0 JavaThread "Signal Dispatcher" daemon [_thread_blocked, id=24156, stack(0x000000be07b00000,0x000000be07c00000)]
  0x0000020dc962f8c0 JavaThread "Attach Listener" daemon [_thread_blocked, id=22376, stack(0x000000be07c00000,0x000000be07d00000)]
  0x0000020dc96313a0 JavaThread "Service Thread" daemon [_thread_blocked, id=16528, stack(0x000000be07d00000,0x000000be07e00000)]
  0x0000020dc9633e80 JavaThread "Monitor Deflation Thread" daemon [_thread_blocked, id=4324, stack(0x000000be07e00000,0x000000be07f00000)]
=>0x0000020dc9634e20 JavaThread "C2 CompilerThread0" daemon [_thread_in_native, id=15956, stack(0x000000be07f00000,0x000000be08000000)]
  0x0000020dc9638680 JavaThread "C1 CompilerThread0" daemon [_thread_blocked, id=21968, stack(0x000000be08000000,0x000000be08100000)]
  0x0000020dcd8124b0 JavaThread "Sweeper thread" daemon [_thread_blocked, id=6344, stack(0x000000be08100000,0x000000be08200000)]
  0x0000020dcd9441c0 JavaThread "Common-Cleaner" daemon [_thread_blocked, id=24972, stack(0x000000be08200000,0x000000be08300000)]
  0x0000020dcd944700 JavaThread "Notification Thread" daemon [_thread_blocked, id=14444, stack(0x000000be08300000,0x000000be08400000)]
  0x0000020dcea4bf30 JavaThread "Daemon health stats" [_thread_blocked, id=24404, stack(0x000000be08a00000,0x000000be08b00000)]
  0x0000020dcf1d61b0 JavaThread "Incoming local TCP Connector on port 62061" [_thread_in_native, id=21376, stack(0x000000be08c00000,0x000000be08d00000)]
  0x0000020dcee49c50 JavaThread "Daemon periodic checks" [_thread_blocked, id=11540, stack(0x000000be08d00000,0x000000be08e00000)]
  0x0000020dcf069b80 JavaThread "Daemon" [_thread_blocked, id=16772, stack(0x000000be08e00000,0x000000be08f00000)]
  0x0000020dcf069630 JavaThread "Handler for socket connection from /127.0.0.1:62061 to /127.0.0.1:62062" [_thread_in_native, id=636, stack(0x000000be08f00000,0x000000be09000000)]
  0x0000020dcf06a0d0 JavaThread "Cancel handler" [_thread_blocked, id=22604, stack(0x000000be08b00000,0x000000be08c00000)]
  0x0000020dcf066bb0 JavaThread "Daemon worker" [_thread_in_Java, id=16408, stack(0x000000be09000000,0x000000be09100000)]
  0x0000020dcf0680f0 JavaThread "Asynchronous log dispatcher for DefaultDaemonConnection: socket connection from /127.0.0.1:62061 to /127.0.0.1:62062" [_thread_blocked, id=3388, stack(0x000000be09100000,0x000000be09200000)]
  0x0000020dcf0690e0 JavaThread "Stdin handler" [_thread_blocked, id=15828, stack(0x000000be09200000,0x000000be09300000)]
  0x0000020dcf067100 JavaThread "Daemon client event forwarder" [_thread_blocked, id=3488, stack(0x000000be09300000,0x000000be09400000)]
  0x0000020dcf14ca30 JavaThread "C2 CompilerThread1" daemon [_thread_in_native, id=10180, stack(0x000000be09400000,0x000000be09500000)]
  0x0000020dcf067650 JavaThread "Cache worker for journal cache (C:\Users\FPT SHOP\.gradle\caches\journal-1)" [_thread_blocked, id=15300, stack(0x000000be09500000,0x000000be09600000)]
  0x0000020dcf067ba0 JavaThread "File lock request listener" [_thread_in_native, id=14484, stack(0x000000be09600000,0x000000be09700000)]
  0x0000020dcf068640 JavaThread "Cache worker for file hash cache (C:\Users\FPT SHOP\.gradle\caches\7.2\fileHashes)" [_thread_blocked, id=19912, stack(0x000000be09700000,0x000000be09800000)]

Other Threads:
  0x0000020dc9611c70 VMThread "VM Thread" [stack: 0x000000be07800000,0x000000be07900000] [id=22024]
  0x0000020dcd948e10 WatcherThread "VM Periodic Task Thread" [stack: 0x000000be08400000,0x000000be08500000] [id=23880]
  0x0000020dae646d40 WorkerThread "GC Thread#0" [stack: 0x000000be07300000,0x000000be07400000] [id=11480]
  0x0000020dcdd77980 WorkerThread "GC Thread#1" [stack: 0x000000be08500000,0x000000be08600000] [id=3236]
  0x0000020dcdd77c50 WorkerThread "GC Thread#2" [stack: 0x000000be08600000,0x000000be08700000] [id=15720]
  0x0000020dcdd77f20 WorkerThread "GC Thread#3" [stack: 0x000000be08700000,0x000000be08800000] [id=11296]
  0x0000020dcdd773e0 WorkerThread "GC Thread#4" [stack: 0x000000be08800000,0x000000be08900000] [id=20936]
  0x0000020dcdd78a60 WorkerThread "GC Thread#5" [stack: 0x000000be08900000,0x000000be08a00000] [id=19772]
  0x0000020dae64ba40 ConcurrentGCThread "G1 Main Marker" [stack: 0x000000be07400000,0x000000be07500000] [id=23580]
  0x0000020dae64c3b0 WorkerThread "G1 Conc#0" [stack: 0x000000be07500000,0x000000be07600000] [id=18768]
  0x0000020dc94d45e0 ConcurrentGCThread "G1 Refine#0" [stack: 0x000000be07600000,0x000000be07700000] [id=18376]
  0x0000020dc94d4dd0 ConcurrentGCThread "G1 Service" [stack: 0x000000be07700000,0x000000be07800000] [id=15212]

Threads with active compile tasks:
C2 CompilerThread0     5250 2439   !   4       java.lang.ClassLoader::loadClass (121 bytes)
C2 CompilerThread1     5251 2460       4       java.lang.invoke.MethodType::makeImpl (109 bytes)

VM state: not at safepoint (normal execution)

VM Mutex/Monitor currently owned by a thread: None

Heap address: 0x00000000e0000000, size: 512 MB, Compressed Oops mode: 32-bit

CDS archive(s) mapped at: [0x0000000800000000-0x0000000800c40000-0x0000000800c40000), size 12845056, SharedBaseAddress: 0x0000000800000000, ArchiveRelocationMode: 0.
Compressed class space mapped at: 0x0000000801000000-0x000000080e000000, reserved size: 218103808
Narrow klass base: 0x0000000800000000, Narrow klass shift: 0, Narrow klass range: 0x100000000

GC Precious Log:
 CardTable entry size: 512
 Card Set container configuration: InlinePtr #cards 5 size 8 Array Of Cards #cards 12 size 40 Howl #buckets 4 coarsen threshold 1843 Howl Bitmap #cards 512 size 80 coarsen threshold 460 Card regions per heap region 1 cards per card region 2048
 CPUs: 8 total, 8 available
 Memory: 7834M
 Large Page Support: Disabled
 NUMA Support: Disabled
 Compressed Oops: Enabled (32-bit)
 Heap Region Size: 1M
 Heap Min Capacity: 256M
 Heap Initial Capacity: 256M
 Heap Max Capacity: 512M
 Pre-touch: Disabled
 Parallel Workers: 8
 Concurrent Workers: 2
 Concurrent Refinement Workers: 8
 Periodic GC: Disabled

Heap:
 garbage-first heap   total 262144K, used 65803K [0x00000000e0000000, 0x0000000100000000)
  region size 1024K, 56 young (57344K), 4 survivors (4096K)
 Metaspace       used 15492K, committed 16000K, reserved 278528K
  class space    used 2165K, committed 2432K, reserved 212992K

Heap Regions: E=young(eden), S=young(survivor), O=old, HS=humongous(starts), HC=humongous(continues), CS=collection set, F=free, OA=open archive, CA=closed archive, TAMS=top-at-mark-start (previous, next)
|   0|0x00000000e0000000, 0x00000000e0000000, 0x00000000e0100000|  0%| F|  |TAMS 0x00000000e0000000, 0x00000000e0000000| Untracked 
|   1|0x00000000e0100000, 0x00000000e0200000, 0x00000000e0200000|100%| O|  |TAMS 0x00000000e0100000, 0x00000000e0100000| Untracked 
|   2|0x00000000e0200000, 0x00000000e0300000, 0x00000000e0300000|100%| O|  |TAMS 0x00000000e0200000, 0x00000000e0200000| Untracked 
|   3|0x00000000e0300000, 0x00000000e0400000, 0x00000000e0400000|100%|HS|  |TAMS 0x00000000e0300000, 0x00000000e0300000| Complete 
|   4|0x00000000e0400000, 0x00000000e0500000, 0x00000000e0500000|100%|HC|  |TAMS 0x00000000e0400000, 0x00000000e0400000| Complete 
|   5|0x00000000e0500000, 0x00000000e0600000, 0x00000000e0600000|100%|HC|  |TAMS 0x00000000e0500000, 0x00000000e0500000| Complete 
|   6|0x00000000e0600000, 0x00000000e0700000, 0x00000000e0700000|100%| O|  |TAMS 0x00000000e0600000, 0x00000000e0600000| Untracked 
|   7|0x00000000e0700000, 0x00000000e0800000, 0x00000000e0800000|100%| O|  |TAMS 0x00000000e0700000, 0x00000000e0700000| Untracked 
|   8|0x00000000e0800000, 0x00000000e0900000, 0x00000000e0900000|100%| O|  |TAMS 0x00000000e0800000, 0x00000000e0800000| Untracked 
|   9|0x00000000e0900000, 0x00000000e0a00000, 0x00000000e0a00000|100%| O|  |TAMS 0x00000000e0900000, 0x00000000e0900000| Untracked 
|  10|0x00000000e0a00000, 0x00000000e0a42e08, 0x00000000e0b00000| 26%| O|  |TAMS 0x00000000e0a00000, 0x00000000e0a00000| Untracked 
|  11|0x00000000e0b00000, 0x00000000e0b00000, 0x00000000e0c00000|  0%| F|  |TAMS 0x00000000e0b00000, 0x00000000e0b00000| Untracked 
|  12|0x00000000e0c00000, 0x00000000e0c00000, 0x00000000e0d00000|  0%| F|  |TAMS 0x00000000e0c00000, 0x00000000e0c00000| Untracked 
|  13|0x00000000e0d00000, 0x00000000e0d00000, 0x00000000e0e00000|  0%| F|  |TAMS 0x00000000e0d00000, 0x00000000e0d00000| Untracked 
|  14|0x00000000e0e00000, 0x00000000e0e00000, 0x00000000e0f00000|  0%| F|  |TAMS 0x00000000e0e00000, 0x00000000e0e00000| Untracked 
|  15|0x00000000e0f00000, 0x00000000e0f00000, 0x00000000e1000000|  0%| F|  |TAMS 0x00000000e0f00000, 0x00000000e0f00000| Untracked 
|  16|0x00000000e1000000, 0x00000000e1000000, 0x00000000e1100000|  0%| F|  |TAMS 0x00000000e1000000, 0x00000000e1000000| Untracked 
|  17|0x00000000e1100000, 0x00000000e1100000, 0x00000000e1200000|  0%| F|  |TAMS 0x00000000e1100000, 0x00000000e1100000| Untracked 
|  18|0x00000000e1200000, 0x00000000e1200000, 0x00000000e1300000|  0%| F|  |TAMS 0x00000000e1200000, 0x00000000e1200000| Untracked 
|  19|0x00000000e1300000, 0x00000000e1300000, 0x00000000e1400000|  0%| F|  |TAMS 0x00000000e1300000, 0x00000000e1300000| Untracked 
|  20|0x00000000e1400000, 0x00000000e1400000, 0x00000000e1500000|  0%| F|  |TAMS 0x00000000e1400000, 0x00000000e1400000| Untracked 
|  21|0x00000000e1500000, 0x00000000e1500000, 0x00000000e1600000|  0%| F|  |TAMS 0x00000000e1500000, 0x00000000e1500000| Untracked 
|  22|0x00000000e1600000, 0x00000000e1600000, 0x00000000e1700000|  0%| F|  |TAMS 0x00000000e1600000, 0x00000000e1600000| Untracked 
|  23|0x00000000e1700000, 0x00000000e1700000, 0x00000000e1800000|  0%| F|  |TAMS 0x00000000e1700000, 0x00000000e1700000| Untracked 
|  24|0x00000000e1800000, 0x00000000e1800000, 0x00000000e1900000|  0%| F|  |TAMS 0x00000000e1800000, 0x00000000e1800000| Untracked 
|  25|0x00000000e1900000, 0x00000000e1900000, 0x00000000e1a00000|  0%| F|  |TAMS 0x00000000e1900000, 0x00000000e1900000| Untracked 
|  26|0x00000000e1a00000, 0x00000000e1a00000, 0x00000000e1b00000|  0%| F|  |TAMS 0x00000000e1a00000, 0x00000000e1a00000| Untracked 
|  27|0x00000000e1b00000, 0x00000000e1b00000, 0x00000000e1c00000|  0%| F|  |TAMS 0x00000000e1b00000, 0x00000000e1b00000| Untracked 
|  28|0x00000000e1c00000, 0x00000000e1c00000, 0x00000000e1d00000|  0%| F|  |TAMS 0x00000000e1c00000, 0x00000000e1c00000| Untracked 
|  29|0x00000000e1d00000, 0x00000000e1d00000, 0x00000000e1e00000|  0%| F|  |TAMS 0x00000000e1d00000, 0x00000000e1d00000| Untracked 
|  30|0x00000000e1e00000, 0x00000000e1e00000, 0x00000000e1f00000|  0%| F|  |TAMS 0x00000000e1e00000, 0x00000000e1e00000| Untracked 
|  31|0x00000000e1f00000, 0x00000000e1f00000, 0x00000000e2000000|  0%| F|  |TAMS 0x00000000e1f00000, 0x00000000e1f00000| Untracked 
|  32|0x00000000e2000000, 0x00000000e2000000, 0x00000000e2100000|  0%| F|  |TAMS 0x00000000e2000000, 0x00000000e2000000| Untracked 
|  33|0x00000000e2100000, 0x00000000e2100000, 0x00000000e2200000|  0%| F|  |TAMS 0x00000000e2100000, 0x00000000e2100000| Untracked 
|  34|0x00000000e2200000, 0x00000000e2200000, 0x00000000e2300000|  0%| F|  |TAMS 0x00000000e2200000, 0x00000000e2200000| Untracked 
|  35|0x00000000e2300000, 0x00000000e2300000, 0x00000000e2400000|  0%| F|  |TAMS 0x00000000e2300000, 0x00000000e2300000| Untracked 
|  36|0x00000000e2400000, 0x00000000e2400000, 0x00000000e2500000|  0%| F|  |TAMS 0x00000000e2400000, 0x00000000e2400000| Untracked 
|  37|0x00000000e2500000, 0x00000000e2500000, 0x00000000e2600000|  0%| F|  |TAMS 0x00000000e2500000, 0x00000000e2500000| Untracked 
|  38|0x00000000e2600000, 0x00000000e2600000, 0x00000000e2700000|  0%| F|  |TAMS 0x00000000e2600000, 0x00000000e2600000| Untracked 
|  39|0x00000000e2700000, 0x00000000e2700000, 0x00000000e2800000|  0%| F|  |TAMS 0x00000000e2700000, 0x00000000e2700000| Untracked 
|  40|0x00000000e2800000, 0x00000000e2800000, 0x00000000e2900000|  0%| F|  |TAMS 0x00000000e2800000, 0x00000000e2800000| Untracked 
|  41|0x00000000e2900000, 0x00000000e2900000, 0x00000000e2a00000|  0%| F|  |TAMS 0x00000000e2900000, 0x00000000e2900000| Untracked 
|  42|0x00000000e2a00000, 0x00000000e2a00000, 0x00000000e2b00000|  0%| F|  |TAMS 0x00000000e2a00000, 0x00000000e2a00000| Untracked 
|  43|0x00000000e2b00000, 0x00000000e2b00000, 0x00000000e2c00000|  0%| F|  |TAMS 0x00000000e2b00000, 0x00000000e2b00000| Untracked 
|  44|0x00000000e2c00000, 0x00000000e2c00000, 0x00000000e2d00000|  0%| F|  |TAMS 0x00000000e2c00000, 0x00000000e2c00000| Untracked 
|  45|0x00000000e2d00000, 0x00000000e2d00000, 0x00000000e2e00000|  0%| F|  |TAMS 0x00000000e2d00000, 0x00000000e2d00000| Untracked 
|  46|0x00000000e2e00000, 0x00000000e2e00000, 0x00000000e2f00000|  0%| F|  |TAMS 0x00000000e2e00000, 0x00000000e2e00000| Untracked 
|  47|0x00000000e2f00000, 0x00000000e2f00000, 0x00000000e3000000|  0%| F|  |TAMS 0x00000000e2f00000, 0x00000000e2f00000| Untracked 
|  48|0x00000000e3000000, 0x00000000e3000000, 0x00000000e3100000|  0%| F|  |TAMS 0x00000000e3000000, 0x00000000e3000000| Untracked 
|  49|0x00000000e3100000, 0x00000000e3100000, 0x00000000e3200000|  0%| F|  |TAMS 0x00000000e3100000, 0x00000000e3100000| Untracked 
|  50|0x00000000e3200000, 0x00000000e3200000, 0x00000000e3300000|  0%| F|  |TAMS 0x00000000e3200000, 0x00000000e3200000| Untracked 
|  51|0x00000000e3300000, 0x00000000e3300000, 0x00000000e3400000|  0%| F|  |TAMS 0x00000000e3300000, 0x00000000e3300000| Untracked 
|  52|0x00000000e3400000, 0x00000000e3400000, 0x00000000e3500000|  0%| F|  |TAMS 0x00000000e3400000, 0x00000000e3400000| Untracked 
|  53|0x00000000e3500000, 0x00000000e3500000, 0x00000000e3600000|  0%| F|  |TAMS 0x00000000e3500000, 0x00000000e3500000| Untracked 
|  54|0x00000000e3600000, 0x00000000e3600000, 0x00000000e3700000|  0%| F|  |TAMS 0x00000000e3600000, 0x00000000e3600000| Untracked 
|  55|0x00000000e3700000, 0x00000000e3700000, 0x00000000e3800000|  0%| F|  |TAMS 0x00000000e3700000, 0x00000000e3700000| Untracked 
|  56|0x00000000e3800000, 0x00000000e3800000, 0x00000000e3900000|  0%| F|  |TAMS 0x00000000e3800000, 0x00000000e3800000| Untracked 
|  57|0x00000000e3900000, 0x00000000e3900000, 0x00000000e3a00000|  0%| F|  |TAMS 0x00000000e3900000, 0x00000000e3900000| Untracked 
|  58|0x00000000e3a00000, 0x00000000e3a00000, 0x00000000e3b00000|  0%| F|  |TAMS 0x00000000e3a00000, 0x00000000e3a00000| Untracked 
|  59|0x00000000e3b00000, 0x00000000e3b00000, 0x00000000e3c00000|  0%| F|  |TAMS 0x00000000e3b00000, 0x00000000e3b00000| Untracked 
|  60|0x00000000e3c00000, 0x00000000e3c00000, 0x00000000e3d00000|  0%| F|  |TAMS 0x00000000e3c00000, 0x00000000e3c00000| Untracked 
|  61|0x00000000e3d00000, 0x00000000e3d00000, 0x00000000e3e00000|  0%| F|  |TAMS 0x00000000e3d00000, 0x00000000e3d00000| Untracked 
|  62|0x00000000e3e00000, 0x00000000e3e00000, 0x00000000e3f00000|  0%| F|  |TAMS 0x00000000e3e00000, 0x00000000e3e00000| Untracked 
|  63|0x00000000e3f00000, 0x00000000e3f00000, 0x00000000e4000000|  0%| F|  |TAMS 0x00000000e3f00000, 0x00000000e3f00000| Untracked 
|  64|0x00000000e4000000, 0x00000000e4000000, 0x00000000e4100000|  0%| F|  |TAMS 0x00000000e4000000, 0x00000000e4000000| Untracked 
|  65|0x00000000e4100000, 0x00000000e4100000, 0x00000000e4200000|  0%| F|  |TAMS 0x00000000e4100000, 0x00000000e4100000| Untracked 
|  66|0x00000000e4200000, 0x00000000e4200000, 0x00000000e4300000|  0%| F|  |TAMS 0x00000000e4200000, 0x00000000e4200000| Untracked 
|  67|0x00000000e4300000, 0x00000000e4300000, 0x00000000e4400000|  0%| F|  |TAMS 0x00000000e4300000, 0x00000000e4300000| Untracked 
|  68|0x00000000e4400000, 0x00000000e4400000, 0x00000000e4500000|  0%| F|  |TAMS 0x00000000e4400000, 0x00000000e4400000| Untracked 
|  69|0x00000000e4500000, 0x00000000e4500000, 0x00000000e4600000|  0%| F|  |TAMS 0x00000000e4500000, 0x00000000e4500000| Untracked 
|  70|0x00000000e4600000, 0x00000000e4600000, 0x00000000e4700000|  0%| F|  |TAMS 0x00000000e4600000, 0x00000000e4600000| Untracked 
|  71|0x00000000e4700000, 0x00000000e4700000, 0x00000000e4800000|  0%| F|  |TAMS 0x00000000e4700000, 0x00000000e4700000| Untracked 
|  72|0x00000000e4800000, 0x00000000e4800000, 0x00000000e4900000|  0%| F|  |TAMS 0x00000000e4800000, 0x00000000e4800000| Untracked 
|  73|0x00000000e4900000, 0x00000000e4900000, 0x00000000e4a00000|  0%| F|  |TAMS 0x00000000e4900000, 0x00000000e4900000| Untracked 
|  74|0x00000000e4a00000, 0x00000000e4a00000, 0x00000000e4b00000|  0%| F|  |TAMS 0x00000000e4a00000, 0x00000000e4a00000| Untracked 
|  75|0x00000000e4b00000, 0x00000000e4b00000, 0x00000000e4c00000|  0%| F|  |TAMS 0x00000000e4b00000, 0x00000000e4b00000| Untracked 
|  76|0x00000000e4c00000, 0x00000000e4c00000, 0x00000000e4d00000|  0%| F|  |TAMS 0x00000000e4c00000, 0x00000000e4c00000| Untracked 
|  77|0x00000000e4d00000, 0x00000000e4d00000, 0x00000000e4e00000|  0%| F|  |TAMS 0x00000000e4d00000, 0x00000000e4d00000| Untracked 
|  78|0x00000000e4e00000, 0x00000000e4e00000, 0x00000000e4f00000|  0%| F|  |TAMS 0x00000000e4e00000, 0x00000000e4e00000| Untracked 
|  79|0x00000000e4f00000, 0x00000000e4f00000, 0x00000000e5000000|  0%| F|  |TAMS 0x00000000e4f00000, 0x00000000e4f00000| Untracked 
|  80|0x00000000e5000000, 0x00000000e5000000, 0x00000000e5100000|  0%| F|  |TAMS 0x00000000e5000000, 0x00000000e5000000| Untracked 
|  81|0x00000000e5100000, 0x00000000e5100000, 0x00000000e5200000|  0%| F|  |TAMS 0x00000000e5100000, 0x00000000e5100000| Untracked 
|  82|0x00000000e5200000, 0x00000000e5200000, 0x00000000e5300000|  0%| F|  |TAMS 0x00000000e5200000, 0x00000000e5200000| Untracked 
|  83|0x00000000e5300000, 0x00000000e5300000, 0x00000000e5400000|  0%| F|  |TAMS 0x00000000e5300000, 0x00000000e5300000| Untracked 
|  84|0x00000000e5400000, 0x00000000e5400000, 0x00000000e5500000|  0%| F|  |TAMS 0x00000000e5400000, 0x00000000e5400000| Untracked 
|  85|0x00000000e5500000, 0x00000000e5500000, 0x00000000e5600000|  0%| F|  |TAMS 0x00000000e5500000, 0x00000000e5500000| Untracked 
|  86|0x00000000e5600000, 0x00000000e5600000, 0x00000000e5700000|  0%| F|  |TAMS 0x00000000e5600000, 0x00000000e5600000| Untracked 
|  87|0x00000000e5700000, 0x00000000e5700000, 0x00000000e5800000|  0%| F|  |TAMS 0x00000000e5700000, 0x00000000e5700000| Untracked 
|  88|0x00000000e5800000, 0x00000000e5800000, 0x00000000e5900000|  0%| F|  |TAMS 0x00000000e5800000, 0x00000000e5800000| Untracked 
|  89|0x00000000e5900000, 0x00000000e5900000, 0x00000000e5a00000|  0%| F|  |TAMS 0x00000000e5900000, 0x00000000e5900000| Untracked 
|  90|0x00000000e5a00000, 0x00000000e5a00000, 0x00000000e5b00000|  0%| F|  |TAMS 0x00000000e5a00000, 0x00000000e5a00000| Untracked 
|  91|0x00000000e5b00000, 0x00000000e5b00000, 0x00000000e5c00000|  0%| F|  |TAMS 0x00000000e5b00000, 0x00000000e5b00000| Untracked 
|  92|0x00000000e5c00000, 0x00000000e5c00000, 0x00000000e5d00000|  0%| F|  |TAMS 0x00000000e5c00000, 0x00000000e5c00000| Untracked 
|  93|0x00000000e5d00000, 0x00000000e5d00000, 0x00000000e5e00000|  0%| F|  |TAMS 0x00000000e5d00000, 0x00000000e5d00000| Untracked 
|  94|0x00000000e5e00000, 0x00000000e5e00000, 0x00000000e5f00000|  0%| F|  |TAMS 0x00000000e5e00000, 0x00000000e5e00000| Untracked 
|  95|0x00000000e5f00000, 0x00000000e5f00000, 0x00000000e6000000|  0%| F|  |TAMS 0x00000000e5f00000, 0x00000000e5f00000| Untracked 
|  96|0x00000000e6000000, 0x00000000e6000000, 0x00000000e6100000|  0%| F|  |TAMS 0x00000000e6000000, 0x00000000e6000000| Untracked 
|  97|0x00000000e6100000, 0x00000000e6100000, 0x00000000e6200000|  0%| F|  |TAMS 0x00000000e6100000, 0x00000000e6100000| Untracked 
|  98|0x00000000e6200000, 0x00000000e6200000, 0x00000000e6300000|  0%| F|  |TAMS 0x00000000e6200000, 0x00000000e6200000| Untracked 
|  99|0x00000000e6300000, 0x00000000e6300000, 0x00000000e6400000|  0%| F|  |TAMS 0x00000000e6300000, 0x00000000e6300000| Untracked 
| 100|0x00000000e6400000, 0x00000000e6400000, 0x00000000e6500000|  0%| F|  |TAMS 0x00000000e6400000, 0x00000000e6400000| Untracked 
| 101|0x00000000e6500000, 0x00000000e6500000, 0x00000000e6600000|  0%| F|  |TAMS 0x00000000e6500000, 0x00000000e6500000| Untracked 
| 102|0x00000000e6600000, 0x00000000e6600000, 0x00000000e6700000|  0%| F|  |TAMS 0x00000000e6600000, 0x00000000e6600000| Untracked 
| 103|0x00000000e6700000, 0x00000000e6700000, 0x00000000e6800000|  0%| F|  |TAMS 0x00000000e6700000, 0x00000000e6700000| Untracked 
| 104|0x00000000e6800000, 0x00000000e6800000, 0x00000000e6900000|  0%| F|  |TAMS 0x00000000e6800000, 0x00000000e6800000| Untracked 
| 105|0x00000000e6900000, 0x00000000e6900000, 0x00000000e6a00000|  0%| F|  |TAMS 0x00000000e6900000, 0x00000000e6900000| Untracked 
| 106|0x00000000e6a00000, 0x00000000e6a00000, 0x00000000e6b00000|  0%| F|  |TAMS 0x00000000e6a00000, 0x00000000e6a00000| Untracked 
| 107|0x00000000e6b00000, 0x00000000e6b00000, 0x00000000e6c00000|  0%| F|  |TAMS 0x00000000e6b00000, 0x00000000e6b00000| Untracked 
| 108|0x00000000e6c00000, 0x00000000e6c00000, 0x00000000e6d00000|  0%| F|  |TAMS 0x00000000e6c00000, 0x00000000e6c00000| Untracked 
| 109|0x00000000e6d00000, 0x00000000e6d00000, 0x00000000e6e00000|  0%| F|  |TAMS 0x00000000e6d00000, 0x00000000e6d00000| Untracked 
| 110|0x00000000e6e00000, 0x00000000e6e00000, 0x00000000e6f00000|  0%| F|  |TAMS 0x00000000e6e00000, 0x00000000e6e00000| Untracked 
| 111|0x00000000e6f00000, 0x00000000e6f00000, 0x00000000e7000000|  0%| F|  |TAMS 0x00000000e6f00000, 0x00000000e6f00000| Untracked 
| 112|0x00000000e7000000, 0x00000000e7000000, 0x00000000e7100000|  0%| F|  |TAMS 0x00000000e7000000, 0x00000000e7000000| Untracked 
| 113|0x00000000e7100000, 0x00000000e7100000, 0x00000000e7200000|  0%| F|  |TAMS 0x00000000e7100000, 0x00000000e7100000| Untracked 
| 114|0x00000000e7200000, 0x00000000e7200000, 0x00000000e7300000|  0%| F|  |TAMS 0x00000000e7200000, 0x00000000e7200000| Untracked 
| 115|0x00000000e7300000, 0x00000000e7300000, 0x00000000e7400000|  0%| F|  |TAMS 0x00000000e7300000, 0x00000000e7300000| Untracked 
| 116|0x00000000e7400000, 0x00000000e7400000, 0x00000000e7500000|  0%| F|  |TAMS 0x00000000e7400000, 0x00000000e7400000| Untracked 
| 117|0x00000000e7500000, 0x00000000e7500000, 0x00000000e7600000|  0%| F|  |TAMS 0x00000000e7500000, 0x00000000e7500000| Untracked 
| 118|0x00000000e7600000, 0x00000000e7600000, 0x00000000e7700000|  0%| F|  |TAMS 0x00000000e7600000, 0x00000000e7600000| Untracked 
| 119|0x00000000e7700000, 0x00000000e7700000, 0x00000000e7800000|  0%| F|  |TAMS 0x00000000e7700000, 0x00000000e7700000| Untracked 
| 120|0x00000000e7800000, 0x00000000e7800000, 0x00000000e7900000|  0%| F|  |TAMS 0x00000000e7800000, 0x00000000e7800000| Untracked 
| 121|0x00000000e7900000, 0x00000000e7900000, 0x00000000e7a00000|  0%| F|  |TAMS 0x00000000e7900000, 0x00000000e7900000| Untracked 
| 122|0x00000000e7a00000, 0x00000000e7a00000, 0x00000000e7b00000|  0%| F|  |TAMS 0x00000000e7a00000, 0x00000000e7a00000| Untracked 
| 123|0x00000000e7b00000, 0x00000000e7b00000, 0x00000000e7c00000|  0%| F|  |TAMS 0x00000000e7b00000, 0x00000000e7b00000| Untracked 
| 124|0x00000000e7c00000, 0x00000000e7c00000, 0x00000000e7d00000|  0%| F|  |TAMS 0x00000000e7c00000, 0x00000000e7c00000| Untracked 
| 125|0x00000000e7d00000, 0x00000000e7d00000, 0x00000000e7e00000|  0%| F|  |TAMS 0x00000000e7d00000, 0x00000000e7d00000| Untracked 
| 126|0x00000000e7e00000, 0x00000000e7e00000, 0x00000000e7f00000|  0%| F|  |TAMS 0x00000000e7e00000, 0x00000000e7e00000| Untracked 
| 127|0x00000000e7f00000, 0x00000000e7f00000, 0x00000000e8000000|  0%| F|  |TAMS 0x00000000e7f00000, 0x00000000e7f00000| Untracked 
| 128|0x00000000e8000000, 0x00000000e8000000, 0x00000000e8100000|  0%| F|  |TAMS 0x00000000e8000000, 0x00000000e8000000| Untracked 
| 129|0x00000000e8100000, 0x00000000e8100000, 0x00000000e8200000|  0%| F|  |TAMS 0x00000000e8100000, 0x00000000e8100000| Untracked 
| 130|0x00000000e8200000, 0x00000000e8200000, 0x00000000e8300000|  0%| F|  |TAMS 0x00000000e8200000, 0x00000000e8200000| Untracked 
| 131|0x00000000e8300000, 0x00000000e8300000, 0x00000000e8400000|  0%| F|  |TAMS 0x00000000e8300000, 0x00000000e8300000| Untracked 
| 132|0x00000000e8400000, 0x00000000e8400000, 0x00000000e8500000|  0%| F|  |TAMS 0x00000000e8400000, 0x00000000e8400000| Untracked 
| 133|0x00000000e8500000, 0x00000000e8500000, 0x00000000e8600000|  0%| F|  |TAMS 0x00000000e8500000, 0x00000000e8500000| Untracked 
| 134|0x00000000e8600000, 0x00000000e8600000, 0x00000000e8700000|  0%| F|  |TAMS 0x00000000e8600000, 0x00000000e8600000| Untracked 
| 135|0x00000000e8700000, 0x00000000e8700000, 0x00000000e8800000|  0%| F|  |TAMS 0x00000000e8700000, 0x00000000e8700000| Untracked 
| 136|0x00000000e8800000, 0x00000000e8800000, 0x00000000e8900000|  0%| F|  |TAMS 0x00000000e8800000, 0x00000000e8800000| Untracked 
| 137|0x00000000e8900000, 0x00000000e8900000, 0x00000000e8a00000|  0%| F|  |TAMS 0x00000000e8900000, 0x00000000e8900000| Untracked 
| 138|0x00000000e8a00000, 0x00000000e8a00000, 0x00000000e8b00000|  0%| F|  |TAMS 0x00000000e8a00000, 0x00000000e8a00000| Untracked 
| 139|0x00000000e8b00000, 0x00000000e8b00000, 0x00000000e8c00000|  0%| F|  |TAMS 0x00000000e8b00000, 0x00000000e8b00000| Untracked 
| 140|0x00000000e8c00000, 0x00000000e8c00000, 0x00000000e8d00000|  0%| F|  |TAMS 0x00000000e8c00000, 0x00000000e8c00000| Untracked 
| 141|0x00000000e8d00000, 0x00000000e8d00000, 0x00000000e8e00000|  0%| F|  |TAMS 0x00000000e8d00000, 0x00000000e8d00000| Untracked 
| 142|0x00000000e8e00000, 0x00000000e8e00000, 0x00000000e8f00000|  0%| F|  |TAMS 0x00000000e8e00000, 0x00000000e8e00000| Untracked 
| 143|0x00000000e8f00000, 0x00000000e8f00000, 0x00000000e9000000|  0%| F|  |TAMS 0x00000000e8f00000, 0x00000000e8f00000| Untracked 
| 144|0x00000000e9000000, 0x00000000e9000000, 0x00000000e9100000|  0%| F|  |TAMS 0x00000000e9000000, 0x00000000e9000000| Untracked 
| 145|0x00000000e9100000, 0x00000000e9100000, 0x00000000e9200000|  0%| F|  |TAMS 0x00000000e9100000, 0x00000000e9100000| Untracked 
| 146|0x00000000e9200000, 0x00000000e9200000, 0x00000000e9300000|  0%| F|  |TAMS 0x00000000e9200000, 0x00000000e9200000| Untracked 
| 147|0x00000000e9300000, 0x00000000e9300000, 0x00000000e9400000|  0%| F|  |TAMS 0x00000000e9300000, 0x00000000e9300000| Untracked 
| 148|0x00000000e9400000, 0x00000000e9400000, 0x00000000e9500000|  0%| F|  |TAMS 0x00000000e9400000, 0x00000000e9400000| Untracked 
| 149|0x00000000e9500000, 0x00000000e9500000, 0x00000000e9600000|  0%| F|  |TAMS 0x00000000e9500000, 0x00000000e9500000| Untracked 
| 150|0x00000000e9600000, 0x00000000e9600000, 0x00000000e9700000|  0%| F|  |TAMS 0x00000000e9600000, 0x00000000e9600000| Untracked 
| 151|0x00000000e9700000, 0x00000000e9700000, 0x00000000e9800000|  0%| F|  |TAMS 0x00000000e9700000, 0x00000000e9700000| Untracked 
| 152|0x00000000e9800000, 0x00000000e9800000, 0x00000000e9900000|  0%| F|  |TAMS 0x00000000e9800000, 0x00000000e9800000| Untracked 
| 153|0x00000000e9900000, 0x00000000e9900000, 0x00000000e9a00000|  0%| F|  |TAMS 0x00000000e9900000, 0x00000000e9900000| Untracked 
| 154|0x00000000e9a00000, 0x00000000e9a00000, 0x00000000e9b00000|  0%| F|  |TAMS 0x00000000e9a00000, 0x00000000e9a00000| Untracked 
| 155|0x00000000e9b00000, 0x00000000e9b00000, 0x00000000e9c00000|  0%| F|  |TAMS 0x00000000e9b00000, 0x00000000e9b00000| Untracked 
| 156|0x00000000e9c00000, 0x00000000e9c00000, 0x00000000e9d00000|  0%| F|  |TAMS 0x00000000e9c00000, 0x00000000e9c00000| Untracked 
| 157|0x00000000e9d00000, 0x00000000e9d00000, 0x00000000e9e00000|  0%| F|  |TAMS 0x00000000e9d00000, 0x00000000e9d00000| Untracked 
| 158|0x00000000e9e00000, 0x00000000e9e00000, 0x00000000e9f00000|  0%| F|  |TAMS 0x00000000e9e00000, 0x00000000e9e00000| Untracked 
| 159|0x00000000e9f00000, 0x00000000e9f00000, 0x00000000ea000000|  0%| F|  |TAMS 0x00000000e9f00000, 0x00000000e9f00000| Untracked 
| 160|0x00000000ea000000, 0x00000000ea000000, 0x00000000ea100000|  0%| F|  |TAMS 0x00000000ea000000, 0x00000000ea000000| Untracked 
| 161|0x00000000ea100000, 0x00000000ea100000, 0x00000000ea200000|  0%| F|  |TAMS 0x00000000ea100000, 0x00000000ea100000| Untracked 
| 162|0x00000000ea200000, 0x00000000ea200000, 0x00000000ea300000|  0%| F|  |TAMS 0x00000000ea200000, 0x00000000ea200000| Untracked 
| 163|0x00000000ea300000, 0x00000000ea300000, 0x00000000ea400000|  0%| F|  |TAMS 0x00000000ea300000, 0x00000000ea300000| Untracked 
| 164|0x00000000ea400000, 0x00000000ea400000, 0x00000000ea500000|  0%| F|  |TAMS 0x00000000ea400000, 0x00000000ea400000| Untracked 
| 165|0x00000000ea500000, 0x00000000ea500000, 0x00000000ea600000|  0%| F|  |TAMS 0x00000000ea500000, 0x00000000ea500000| Untracked 
| 166|0x00000000ea600000, 0x00000000ea600000, 0x00000000ea700000|  0%| F|  |TAMS 0x00000000ea600000, 0x00000000ea600000| Untracked 
| 167|0x00000000ea700000, 0x00000000ea700000, 0x00000000ea800000|  0%| F|  |TAMS 0x00000000ea700000, 0x00000000ea700000| Untracked 
| 168|0x00000000ea800000, 0x00000000ea800000, 0x00000000ea900000|  0%| F|  |TAMS 0x00000000ea800000, 0x00000000ea800000| Untracked 
| 169|0x00000000ea900000, 0x00000000ea900000, 0x00000000eaa00000|  0%| F|  |TAMS 0x00000000ea900000, 0x00000000ea900000| Untracked 
| 170|0x00000000eaa00000, 0x00000000eaa00000, 0x00000000eab00000|  0%| F|  |TAMS 0x00000000eaa00000, 0x00000000eaa00000| Untracked 
| 171|0x00000000eab00000, 0x00000000eab00000, 0x00000000eac00000|  0%| F|  |TAMS 0x00000000eab00000, 0x00000000eab00000| Untracked 
| 172|0x00000000eac00000, 0x00000000eac00000, 0x00000000ead00000|  0%| F|  |TAMS 0x00000000eac00000, 0x00000000eac00000| Untracked 
| 173|0x00000000ead00000, 0x00000000ead00000, 0x00000000eae00000|  0%| F|  |TAMS 0x00000000ead00000, 0x00000000ead00000| Untracked 
| 174|0x00000000eae00000, 0x00000000eae00000, 0x00000000eaf00000|  0%| F|  |TAMS 0x00000000eae00000, 0x00000000eae00000| Untracked 
| 175|0x00000000eaf00000, 0x00000000eaf00000, 0x00000000eb000000|  0%| F|  |TAMS 0x00000000eaf00000, 0x00000000eaf00000| Untracked 
| 176|0x00000000eb000000, 0x00000000eb000000, 0x00000000eb100000|  0%| F|  |TAMS 0x00000000eb000000, 0x00000000eb000000| Untracked 
| 177|0x00000000eb100000, 0x00000000eb100000, 0x00000000eb200000|  0%| F|  |TAMS 0x00000000eb100000, 0x00000000eb100000| Untracked 
| 178|0x00000000eb200000, 0x00000000eb200000, 0x00000000eb300000|  0%| F|  |TAMS 0x00000000eb200000, 0x00000000eb200000| Untracked 
| 179|0x00000000eb300000, 0x00000000eb300000, 0x00000000eb400000|  0%| F|  |TAMS 0x00000000eb300000, 0x00000000eb300000| Untracked 
| 180|0x00000000eb400000, 0x00000000eb400000, 0x00000000eb500000|  0%| F|  |TAMS 0x00000000eb400000, 0x00000000eb400000| Untracked 
| 181|0x00000000eb500000, 0x00000000eb500000, 0x00000000eb600000|  0%| F|  |TAMS 0x00000000eb500000, 0x00000000eb500000| Untracked 
| 182|0x00000000eb600000, 0x00000000eb600000, 0x00000000eb700000|  0%| F|  |TAMS 0x00000000eb600000, 0x00000000eb600000| Untracked 
| 183|0x00000000eb700000, 0x00000000eb700000, 0x00000000eb800000|  0%| F|  |TAMS 0x00000000eb700000, 0x00000000eb700000| Untracked 
| 184|0x00000000eb800000, 0x00000000eb800000, 0x00000000eb900000|  0%| F|  |TAMS 0x00000000eb800000, 0x00000000eb800000| Untracked 
| 185|0x00000000eb900000, 0x00000000eb900000, 0x00000000eba00000|  0%| F|  |TAMS 0x00000000eb900000, 0x00000000eb900000| Untracked 
| 186|0x00000000eba00000, 0x00000000eba00000, 0x00000000ebb00000|  0%| F|  |TAMS 0x00000000eba00000, 0x00000000eba00000| Untracked 
| 187|0x00000000ebb00000, 0x00000000ebb00000, 0x00000000ebc00000|  0%| F|  |TAMS 0x00000000ebb00000, 0x00000000ebb00000| Untracked 
| 188|0x00000000ebc00000, 0x00000000ebc00000, 0x00000000ebd00000|  0%| F|  |TAMS 0x00000000ebc00000, 0x00000000ebc00000| Untracked 
| 189|0x00000000ebd00000, 0x00000000ebd00000, 0x00000000ebe00000|  0%| F|  |TAMS 0x00000000ebd00000, 0x00000000ebd00000| Untracked 
| 190|0x00000000ebe00000, 0x00000000ebe00000, 0x00000000ebf00000|  0%| F|  |TAMS 0x00000000ebe00000, 0x00000000ebe00000| Untracked 
| 191|0x00000000ebf00000, 0x00000000ebf00000, 0x00000000ec000000|  0%| F|  |TAMS 0x00000000ebf00000, 0x00000000ebf00000| Untracked 
| 192|0x00000000ec000000, 0x00000000ec000000, 0x00000000ec100000|  0%| F|  |TAMS 0x00000000ec000000, 0x00000000ec000000| Untracked 
| 193|0x00000000ec100000, 0x00000000ec100000, 0x00000000ec200000|  0%| F|  |TAMS 0x00000000ec100000, 0x00000000ec100000| Untracked 
| 194|0x00000000ec200000, 0x00000000ec200000, 0x00000000ec300000|  0%| F|  |TAMS 0x00000000ec200000, 0x00000000ec200000| Untracked 
| 195|0x00000000ec300000, 0x00000000ec300000, 0x00000000ec400000|  0%| F|  |TAMS 0x00000000ec300000, 0x00000000ec300000| Untracked 
| 196|0x00000000ec400000, 0x00000000ec400000, 0x00000000ec500000|  0%| F|  |TAMS 0x00000000ec400000, 0x00000000ec400000| Untracked 
| 197|0x00000000ec500000, 0x00000000ec500000, 0x00000000ec600000|  0%| F|  |TAMS 0x00000000ec500000, 0x00000000ec500000| Untracked 
| 198|0x00000000ec600000, 0x00000000ec600000, 0x00000000ec700000|  0%| F|  |TAMS 0x00000000ec600000, 0x00000000ec600000| Untracked 
| 199|0x00000000ec700000, 0x00000000ec700000, 0x00000000ec800000|  0%| F|  |TAMS 0x00000000ec700000, 0x00000000ec700000| Untracked 
| 200|0x00000000ec800000, 0x00000000ec900000, 0x00000000ec900000|100%| E|  |TAMS 0x00000000ec800000, 0x00000000ec800000| Complete 
| 201|0x00000000ec900000, 0x00000000eca00000, 0x00000000eca00000|100%| E|CS|TAMS 0x00000000ec900000, 0x00000000ec900000| Complete 
| 202|0x00000000eca00000, 0x00000000ecb00000, 0x00000000ecb00000|100%| E|CS|TAMS 0x00000000eca00000, 0x00000000eca00000| Complete 
| 203|0x00000000ecb00000, 0x00000000ecc00000, 0x00000000ecc00000|100%| E|CS|TAMS 0x00000000ecb00000, 0x00000000ecb00000| Complete 
| 204|0x00000000ecc00000, 0x00000000ecd00000, 0x00000000ecd00000|100%| E|CS|TAMS 0x00000000ecc00000, 0x00000000ecc00000| Complete 
| 205|0x00000000ecd00000, 0x00000000ece00000, 0x00000000ece00000|100%| E|CS|TAMS 0x00000000ecd00000, 0x00000000ecd00000| Complete 
| 206|0x00000000ece00000, 0x00000000ecf00000, 0x00000000ecf00000|100%| E|CS|TAMS 0x00000000ece00000, 0x00000000ece00000| Complete 
| 207|0x00000000ecf00000, 0x00000000ed000000, 0x00000000ed000000|100%| E|CS|TAMS 0x00000000ecf00000, 0x00000000ecf00000| Complete 
| 208|0x00000000ed000000, 0x00000000ed100000, 0x00000000ed100000|100%| E|CS|TAMS 0x00000000ed000000, 0x00000000ed000000| Complete 
| 209|0x00000000ed100000, 0x00000000ed200000, 0x00000000ed200000|100%| E|CS|TAMS 0x00000000ed100000, 0x00000000ed100000| Complete 
| 210|0x00000000ed200000, 0x00000000ed300000, 0x00000000ed300000|100%| E|CS|TAMS 0x00000000ed200000, 0x00000000ed200000| Complete 
| 211|0x00000000ed300000, 0x00000000ed400000, 0x00000000ed400000|100%| E|CS|TAMS 0x00000000ed300000, 0x00000000ed300000| Complete 
| 212|0x00000000ed400000, 0x00000000ed500000, 0x00000000ed500000|100%| E|CS|TAMS 0x00000000ed400000, 0x00000000ed400000| Complete 
| 213|0x00000000ed500000, 0x00000000ed600000, 0x00000000ed600000|100%| E|CS|TAMS 0x00000000ed500000, 0x00000000ed500000| Complete 
| 214|0x00000000ed600000, 0x00000000ed700000, 0x00000000ed700000|100%| E|CS|TAMS 0x00000000ed600000, 0x00000000ed600000| Complete 
| 215|0x00000000ed700000, 0x00000000ed800000, 0x00000000ed800000|100%| E|CS|TAMS 0x00000000ed700000, 0x00000000ed700000| Complete 
| 216|0x00000000ed800000, 0x00000000ed900000, 0x00000000ed900000|100%| E|CS|TAMS 0x00000000ed800000, 0x00000000ed800000| Complete 
| 217|0x00000000ed900000, 0x00000000eda00000, 0x00000000eda00000|100%| E|CS|TAMS 0x00000000ed900000, 0x00000000ed900000| Complete 
| 218|0x00000000eda00000, 0x00000000edb00000, 0x00000000edb00000|100%| E|CS|TAMS 0x00000000eda00000, 0x00000000eda00000| Complete 
| 219|0x00000000edb00000, 0x00000000edc00000, 0x00000000edc00000|100%| E|CS|TAMS 0x00000000edb00000, 0x00000000edb00000| Complete 
| 220|0x00000000edc00000, 0x00000000edd00000, 0x00000000edd00000|100%| S|CS|TAMS 0x00000000edc00000, 0x00000000edc00000| Complete 
| 221|0x00000000edd00000, 0x00000000ede00000, 0x00000000ede00000|100%| S|CS|TAMS 0x00000000edd00000, 0x00000000edd00000| Complete 
| 222|0x00000000ede00000, 0x00000000edf00000, 0x00000000edf00000|100%| S|CS|TAMS 0x00000000ede00000, 0x00000000ede00000| Complete 
| 223|0x00000000edf00000, 0x00000000ee000000, 0x00000000ee000000|100%| S|CS|TAMS 0x00000000edf00000, 0x00000000edf00000| Complete 
| 224|0x00000000ee000000, 0x00000000ee100000, 0x00000000ee100000|100%| E|CS|TAMS 0x00000000ee000000, 0x00000000ee000000| Complete 
| 225|0x00000000ee100000, 0x00000000ee200000, 0x00000000ee200000|100%| E|CS|TAMS 0x00000000ee100000, 0x00000000ee100000| Complete 
| 226|0x00000000ee200000, 0x00000000ee300000, 0x00000000ee300000|100%| E|CS|TAMS 0x00000000ee200000, 0x00000000ee200000| Complete 
| 227|0x00000000ee300000, 0x00000000ee400000, 0x00000000ee400000|100%| E|CS|TAMS 0x00000000ee300000, 0x00000000ee300000| Complete 
| 228|0x00000000ee400000, 0x00000000ee500000, 0x00000000ee500000|100%| E|CS|TAMS 0x00000000ee400000, 0x00000000ee400000| Complete 
| 229|0x00000000ee500000, 0x00000000ee600000, 0x00000000ee600000|100%| E|CS|TAMS 0x00000000ee500000, 0x00000000ee500000| Complete 
| 230|0x00000000ee600000, 0x00000000ee700000, 0x00000000ee700000|100%| E|CS|TAMS 0x00000000ee600000, 0x00000000ee600000| Complete 
| 231|0x00000000ee700000, 0x00000000ee800000, 0x00000000ee800000|100%| E|CS|TAMS 0x00000000ee700000, 0x00000000ee700000| Complete 
| 232|0x00000000ee800000, 0x00000000ee900000, 0x00000000ee900000|100%| E|CS|TAMS 0x00000000ee800000, 0x00000000ee800000| Complete 
| 233|0x00000000ee900000, 0x00000000eea00000, 0x00000000eea00000|100%| E|CS|TAMS 0x00000000ee900000, 0x00000000ee900000| Complete 
| 234|0x00000000eea00000, 0x00000000eeb00000, 0x00000000eeb00000|100%| E|CS|TAMS 0x00000000eea00000, 0x00000000eea00000| Complete 
| 235|0x00000000eeb00000, 0x00000000eec00000, 0x00000000eec00000|100%| E|CS|TAMS 0x00000000eeb00000, 0x00000000eeb00000| Complete 
| 236|0x00000000eec00000, 0x00000000eed00000, 0x00000000eed00000|100%| E|CS|TAMS 0x00000000eec00000, 0x00000000eec00000| Complete 
| 237|0x00000000eed00000, 0x00000000eee00000, 0x00000000eee00000|100%| E|CS|TAMS 0x00000000eed00000, 0x00000000eed00000| Complete 
| 238|0x00000000eee00000, 0x00000000eef00000, 0x00000000eef00000|100%| E|CS|TAMS 0x00000000eee00000, 0x00000000eee00000| Complete 
| 239|0x00000000eef00000, 0x00000000ef000000, 0x00000000ef000000|100%| E|CS|TAMS 0x00000000eef00000, 0x00000000eef00000| Complete 
| 240|0x00000000ef000000, 0x00000000ef100000, 0x00000000ef100000|100%| E|CS|TAMS 0x00000000ef000000, 0x00000000ef000000| Complete 
| 241|0x00000000ef100000, 0x00000000ef200000, 0x00000000ef200000|100%| E|CS|TAMS 0x00000000ef100000, 0x00000000ef100000| Complete 
| 242|0x00000000ef200000, 0x00000000ef300000, 0x00000000ef300000|100%| E|CS|TAMS 0x00000000ef200000, 0x00000000ef200000| Complete 
| 243|0x00000000ef300000, 0x00000000ef400000, 0x00000000ef400000|100%| E|CS|TAMS 0x00000000ef300000, 0x00000000ef300000| Complete 
| 244|0x00000000ef400000, 0x00000000ef500000, 0x00000000ef500000|100%| E|CS|TAMS 0x00000000ef400000, 0x00000000ef400000| Complete 
| 245|0x00000000ef500000, 0x00000000ef600000, 0x00000000ef600000|100%| E|CS|TAMS 0x00000000ef500000, 0x00000000ef500000| Complete 
| 246|0x00000000ef600000, 0x00000000ef700000, 0x00000000ef700000|100%| E|CS|TAMS 0x00000000ef600000, 0x00000000ef600000| Complete 
| 247|0x00000000ef700000, 0x00000000ef800000, 0x00000000ef800000|100%| E|CS|TAMS 0x00000000ef700000, 0x00000000ef700000| Complete 
| 248|0x00000000ef800000, 0x00000000ef900000, 0x00000000ef900000|100%| E|CS|TAMS 0x00000000ef800000, 0x00000000ef800000| Complete 
| 249|0x00000000ef900000, 0x00000000efa00000, 0x00000000efa00000|100%| E|CS|TAMS 0x00000000ef900000, 0x00000000ef900000| Complete 
| 250|0x00000000efa00000, 0x00000000efb00000, 0x00000000efb00000|100%| E|CS|TAMS 0x00000000efa00000, 0x00000000efa00000| Complete 
| 251|0x00000000efb00000, 0x00000000efc00000, 0x00000000efc00000|100%| E|CS|TAMS 0x00000000efb00000, 0x00000000efb00000| Complete 
| 252|0x00000000efc00000, 0x00000000efd00000, 0x00000000efd00000|100%| E|CS|TAMS 0x00000000efc00000, 0x00000000efc00000| Complete 
| 253|0x00000000efd00000, 0x00000000efe00000, 0x00000000efe00000|100%| E|CS|TAMS 0x00000000efd00000, 0x00000000efd00000| Complete 
| 254|0x00000000efe00000, 0x00000000eff00000, 0x00000000eff00000|100%| E|CS|TAMS 0x00000000efe00000, 0x00000000efe00000| Complete 
| 255|0x00000000eff00000, 0x00000000f0000000, 0x00000000f0000000|100%| E|CS|TAMS 0x00000000eff00000, 0x00000000eff00000| Complete 

Card table byte_map: [0x0000020dc59a0000,0x0000020dc5aa0000] _byte_map_base: 0x0000020dc52a0000

Marking Bits (Prev, Next): (CMBitMap*) 0x0000020dae647110, (CMBitMap*) 0x0000020dae647150
 Prev Bits: [0x0000020dc5ba0000, 0x0000020dc63a0000)
 Next Bits: [0x0000020dc63a0000, 0x0000020dc6ba0000)

Polling page: 0x0000020dac790000

Metaspace:

Usage:
  Non-class:     13.02 MB used.
      Class:      2.12 MB used.
       Both:     15.14 MB used.

Virtual space:
  Non-class space:       64.00 MB reserved,      13.25 MB ( 21%) committed,  1 nodes.
      Class space:      208.00 MB reserved,       2.38 MB (  1%) committed,  1 nodes.
             Both:      272.00 MB reserved,      15.62 MB (  6%) committed. 

Chunk freelists:
   Non-Class:  2.28 MB
       Class:  1.61 MB
        Both:  3.89 MB

MaxMetaspaceSize: 256.00 MB
CompressedClassSpaceSize: 208.00 MB
Initial GC threshold: 21.00 MB
Current GC threshold: 21.00 MB
CDS: on
MetaspaceReclaimPolicy: balanced
 - commit_granule_bytes: 65536.
 - commit_granule_words: 8192.
 - virtual_space_node_default_size: 8388608.
 - enlarge_chunks_in_place: 1.
 - new_chunks_are_fully_committed: 0.
 - uncommit_free_chunks: 1.
 - use_allocation_guard: 0.


Internal statistics:

num_allocs_failed_limit: 0.
num_arena_births: 664.
num_arena_deaths: 0.
num_vsnodes_births: 2.
num_vsnodes_deaths: 0.
num_space_committed: 250.
num_space_uncommitted: 0.
num_chunks_returned_to_freelist: 0.
num_chunks_taken_from_freelist: 1224.
num_chunk_merges: 0.
num_chunk_splits: 796.
num_chunks_enlarged: 524.
num_inconsistent_stats: 0.

CodeHeap 'non-profiled nmethods': size=120000Kb used=1177Kb max_used=1177Kb free=118822Kb
 bounds [0x0000020dbe040000, 0x0000020dbe2b0000, 0x0000020dc5570000]
CodeHeap 'profiled nmethods': size=120000Kb used=5081Kb max_used=5081Kb free=114918Kb
 bounds [0x0000020db6570000, 0x0000020db6a70000, 0x0000020dbdaa0000]
CodeHeap 'non-nmethods': size=5760Kb used=1330Kb max_used=1353Kb free=4430Kb
 bounds [0x0000020dbdaa0000, 0x0000020dbdd10000, 0x0000020dbe040000]
 total_blobs=3070 nmethods=2530 adapters=450
 compilation: enabled
              stopped_count=0, restarted_count=0
 full_count=0

Compilation events (20 events):
Event: 5.056 Thread 0x0000020dc9638680 2512       3       sun.reflect.generics.parser.SignatureParser::<init> (5 bytes)
Event: 5.056 Thread 0x0000020dc9638680 nmethod 2512 0x0000020db6a53f10 code [0x0000020db6a540c0, 0x0000020db6a54218]
Event: 5.057 Thread 0x0000020dc9638680 2513       3       sun.reflect.generics.scope.AbstractScope::<init> (10 bytes)
Event: 5.057 Thread 0x0000020dc9638680 nmethod 2513 0x0000020db6a54310 code [0x0000020db6a544c0, 0x0000020db6a54678]
Event: 5.057 Thread 0x0000020dc9638680 2514       3       sun.reflect.generics.factory.CoreReflectionFactory::make (10 bytes)
Event: 5.057 Thread 0x0000020dc9638680 nmethod 2514 0x0000020db6a54710 code [0x0000020db6a548c0, 0x0000020db6a54b78]
Event: 5.063 Thread 0x0000020dc9638680 2515       3       java.lang.reflect.Executable::getGenericParameterTypes (20 bytes)
Event: 5.064 Thread 0x0000020dc9638680 nmethod 2515 0x0000020db6a54c90 code [0x0000020db6a54ea0, 0x0000020db6a555e8]
Event: 5.073 Thread 0x0000020dc9638680 2516       3       org.gradle.internal.service.DefaultServiceRegistry$SingletonService::getAll (23 bytes)
Event: 5.073 Thread 0x0000020dc9638680 nmethod 2516 0x0000020db6a55790 code [0x0000020db6a55960, 0x0000020db6a55be8]
Event: 5.090 Thread 0x0000020dc9638680 2519       3       java.util.LinkedList::<init> (10 bytes)
Event: 5.090 Thread 0x0000020dc9638680 nmethod 2519 0x0000020db6a55d10 code [0x0000020db6a55ec0, 0x0000020db6a56158]
Event: 5.090 Thread 0x0000020dc9638680 2520       3       java.util.AbstractSequentialList::<init> (5 bytes)
Event: 5.090 Thread 0x0000020dc9638680 nmethod 2520 0x0000020db6a56290 code [0x0000020db6a56440, 0x0000020db6a56678]
Event: 5.109 Thread 0x0000020dc9638680 2521   !   3       org.gradle.internal.classloader.TransformingClassLoader::findClass (203 bytes)
Event: 5.111 Thread 0x0000020dc9638680 nmethod 2521 0x0000020db6a56790 code [0x0000020db6a56c60, 0x0000020db6a58fa8]
Event: 5.129 Thread 0x0000020dc9638680 2522       3       java.lang.Package$VersionInfo::<init> (44 bytes)
Event: 5.129 Thread 0x0000020dc9638680 nmethod 2522 0x0000020db6a59f10 code [0x0000020db6a5a0c0, 0x0000020db6a5a4b8]
Event: 5.146 Thread 0x0000020dc9638680 2523       3       java.lang.invoke.Invokers$Holder::linkToTargetMethod (10 bytes)
Event: 5.146 Thread 0x0000020dc9638680 nmethod 2523 0x0000020db6a5a590 code [0x0000020db6a5a740, 0x0000020db6a5ab78]

GC Heap History (4 events):
Event: 1.219 GC heap before
{Heap before GC invocations=0 (full 0):
 garbage-first heap   total 262144K, used 28672K [0x00000000e0000000, 0x0000000100000000)
  region size 1024K, 23 young (23552K), 0 survivors (0K)
 Metaspace       used 3246K, committed 3392K, reserved 278528K
  class space    used 391K, committed 448K, reserved 212992K
}
Event: 1.229 GC heap after
{Heap after GC invocations=1 (full 0):
 garbage-first heap   total 262144K, used 9205K [0x00000000e0000000, 0x0000000100000000)
  region size 1024K, 3 young (3072K), 3 survivors (3072K)
 Metaspace       used 3246K, committed 3392K, reserved 278528K
  class space    used 391K, committed 448K, reserved 212992K
}
Event: 2.207 GC heap before
{Heap before GC invocations=1 (full 0):
 garbage-first heap   total 262144K, used 38901K [0x00000000e0000000, 0x0000000100000000)
  region size 1024K, 32 young (32768K), 3 survivors (3072K)
 Metaspace       used 4081K, committed 4288K, reserved 278528K
  class space    used 479K, committed 576K, reserved 212992K
}
Event: 2.213 GC heap after
{Heap after GC invocations=2 (full 0):
 garbage-first heap   total 262144K, used 13579K [0x00000000e0000000, 0x0000000100000000)
  region size 1024K, 4 young (4096K), 4 survivors (4096K)
 Metaspace       used 4081K, committed 4288K, reserved 278528K
  class space    used 479K, committed 576K, reserved 212992K
}

Dll operation events (13 events):
Event: 0.012 Loaded shared library C:\Program Files\Java\jdk-19\bin\java.dll
Event: 0.028 Loaded shared library C:\Program Files\Java\jdk-19\bin\jsvml.dll
Event: 0.160 Loaded shared library C:\Program Files\Java\jdk-19\bin\net.dll
Event: 0.166 Loaded shared library C:\Program Files\Java\jdk-19\bin\nio.dll
Event: 0.187 Loaded shared library C:\Program Files\Java\jdk-19\bin\zip.dll
Event: 0.546 Loaded shared library C:\Program Files\Java\jdk-19\bin\jimage.dll
Event: 0.643 Loaded shared library C:\Program Files\Java\jdk-19\bin\verify.dll
Event: 0.947 Loaded shared library C:\Users\FPT SHOP\.gradle\native\e1d6ef7f7dcc3fd88c89a11ec53ec762bb8ba0a96d01ffa2cd45eb1d1d8dd5c5\windows-amd64\native-platform.dll
Event: 0.965 Loaded shared library C:\Users\FPT SHOP\.gradle\native\5664cfc778a61ccfe75a443a1ab52a65af34e5dc3c78e0209fed803814484fcb\windows-amd64\native-platform-file-events.dll
Event: 2.955 Loaded shared library C:\Program Files\Java\jdk-19\bin\management.dll
Event: 2.966 Loaded shared library C:\Program Files\Java\jdk-19\bin\management_ext.dll
Event: 3.560 Loaded shared library C:\Program Files\Java\jdk-19\bin\extnet.dll
Event: 3.980 Loaded shared library C:\Program Files\Java\jdk-19\bin\sunmscapi.dll

Deoptimization events (20 events):
Event: 4.740 Thread 0x0000020dcf066bb0 Uncommon trap: trap_request=0xffffff45 fr.pc=0x0000020dbe114e40 relative=0x00000000000000a0
Event: 4.740 Thread 0x0000020dcf066bb0 Uncommon trap: reason=unstable_if action=reinterpret pc=0x0000020dbe114e40 method=jdk.internal.misc.Unsafe.convEndian(ZI)I @ 4 c2
Event: 4.740 Thread 0x0000020dcf066bb0 DEOPT PACKING pc=0x0000020dbe114e40 sp=0x000000be090fb130
Event: 4.740 Thread 0x0000020dcf066bb0 DEOPT UNPACKING pc=0x0000020dbdb0a5a3 sp=0x000000be090fafe0 mode 2
Event: 4.740 Thread 0x0000020dcf066bb0 Uncommon trap: trap_request=0xffffff45 fr.pc=0x0000020dbe113d94 relative=0x0000000000000074
Event: 4.740 Thread 0x0000020dcf066bb0 Uncommon trap: reason=unstable_if action=reinterpret pc=0x0000020dbe113d94 method=jdk.internal.misc.Unsafe.convEndian(ZI)I @ 4 c2
Event: 4.740 Thread 0x0000020dcf066bb0 DEOPT PACKING pc=0x0000020dbe113d94 sp=0x000000be090fb0b0
Event: 4.740 Thread 0x0000020dcf066bb0 DEOPT UNPACKING pc=0x0000020dbdb0a5a3 sp=0x000000be090fafe0 mode 2
Event: 4.740 Thread 0x0000020dcf066bb0 Uncommon trap: trap_request=0xffffff45 fr.pc=0x0000020dbe11c0b8 relative=0x0000000000000038
Event: 4.740 Thread 0x0000020dcf066bb0 Uncommon trap: reason=unstable_if action=reinterpret pc=0x0000020dbe11c0b8 method=jdk.internal.misc.Unsafe.convEndian(ZI)I @ 4 c2
Event: 4.740 Thread 0x0000020dcf066bb0 DEOPT PACKING pc=0x0000020dbe11c0b8 sp=0x000000be090fb050
Event: 4.740 Thread 0x0000020dcf066bb0 DEOPT UNPACKING pc=0x0000020dbdb0a5a3 sp=0x000000be090fafe8 mode 2
Event: 4.774 Thread 0x0000020dcf066bb0 Uncommon trap: trap_request=0xffffff45 fr.pc=0x0000020dbe05c664 relative=0x0000000000000cc4
Event: 4.774 Thread 0x0000020dcf066bb0 Uncommon trap: reason=unstable_if action=reinterpret pc=0x0000020dbe05c664 method=java.io.WinNTFileSystem.resolve(Ljava/lang/String;Ljava/lang/String;)Ljava/lang/String; @ 19 c2
Event: 4.774 Thread 0x0000020dcf066bb0 DEOPT PACKING pc=0x0000020dbe05c664 sp=0x000000be090fbac0
Event: 4.774 Thread 0x0000020dcf066bb0 DEOPT UNPACKING pc=0x0000020dbdb0a5a3 sp=0x000000be090fba58 mode 2
Event: 4.775 Thread 0x0000020dcf066bb0 Uncommon trap: trap_request=0xffffff45 fr.pc=0x0000020dbe0ae0bc relative=0x00000000000005fc
Event: 4.775 Thread 0x0000020dcf066bb0 Uncommon trap: reason=unstable_if action=reinterpret pc=0x0000020dbe0ae0bc method=java.io.File.getName()Ljava/lang/String; @ 16 c2
Event: 4.775 Thread 0x0000020dcf066bb0 DEOPT PACKING pc=0x0000020dbe0ae0bc sp=0x000000be090fba70
Event: 4.775 Thread 0x0000020dcf066bb0 DEOPT UNPACKING pc=0x0000020dbdb0a5a3 sp=0x000000be090fba40 mode 2

Classes loaded (20 events):
Event: 4.835 Loading class java/util/concurrent/locks/ReadWriteLock
Event: 4.835 Loading class java/util/concurrent/locks/ReadWriteLock done
Event: 4.837 Loading class java/nio/file/FileVisitor
Event: 4.838 Loading class java/nio/file/FileVisitor done
Event: 4.838 Loading class java/nio/file/FileVisitOption
Event: 4.839 Loading class java/nio/file/FileVisitOption done
Event: 4.845 Loading class java/util/stream/ReduceOps$1
Event: 4.845 Loading class java/util/stream/ReduceOps$1 done
Event: 4.845 Loading class java/util/stream/ReduceOps$1ReducingSink
Event: 4.845 Loading class java/util/stream/ReduceOps$1ReducingSink done
Event: 4.861 Loading class java/io/ObjectOutputStream
Event: 4.862 Loading class java/io/ObjectOutput
Event: 4.862 Loading class java/io/ObjectOutput done
Event: 4.862 Loading class java/io/ObjectStreamConstants
Event: 4.863 Loading class java/io/ObjectStreamConstants done
Event: 4.863 Loading class java/io/ObjectOutputStream done
Event: 4.864 Loading class java/io/ObjectInputStream
Event: 4.865 Loading class java/io/ObjectInput
Event: 4.866 Loading class java/io/ObjectInput done
Event: 4.866 Loading class java/io/ObjectInputStream done

Classes unloaded (0 events):
No events

Classes redefined (0 events):
No events

Internal exceptions (20 events):
Event: 4.485 Thread 0x0000020dcf066bb0 Exception <a 'java/lang/NoSuchMethodError'{0x00000000ee1c8e98}: 'java.lang.Object java.lang.invoke.DirectMethodHandle$Holder.invokeStatic(java.lang.Object, java.lang.Object, java.lang.Object, java.lang.Object, java.lang.Object, java.lang.Object, java.lang.Object, java.lang.Object, java.lang.Object, java.lang.Object, java.lang.Object, java.lang.Object, java.lang.Object, java.lang.Object, java.lang.Object, java.lang.Object, java.lang.Object, java.lang.Object, java.lang.Object, java.lang.Object, java.lang.Obj
Event: 4.489 Thread 0x0000020dcf066bb0 Exception <a 'java/lang/NoSuchMethodError'{0x00000000ee1f3dc0}: 'java.lang.Object java.lang.invoke.DirectMethodHandle$Holder.invokeStatic(java.lang.Object, java.lang.Object, java.lang.Object, java.lang.Object, java.lang.Object, java.lang.Object, java.lang.Object, java.lang.Object, java.lang.Object, java.lang.Object, java.lang.Object, java.lang.Object, java.lang.Object, java.lang.Object, java.lang.Object, java.lang.Object, java.lang.Object, java.lang.Object, java.lang.Object, java.lang.Object, java.lang.Obj
Event: 4.638 Thread 0x0000020dcf066bb0 Exception <a 'java/lang/NoSuchMethodError'{0x00000000ed881388}: 'void java.lang.invoke.DirectMethodHandle$Holder.invokeInterface(java.lang.Object, java.lang.Object)'> (0x00000000ed881388) 
thrown [s\open\src\hotspot\share\interpreter\linkResolver.cpp, line 774]
Event: 4.638 Thread 0x0000020dcf066bb0 Exception <a 'java/lang/IncompatibleClassChangeError'{0x00000000ed884dd0}: Found class java.lang.Object, but interface was expected> (0x00000000ed884dd0) 
thrown [s\open\src\hotspot\share\interpreter\linkResolver.cpp, line 841]
Event: 4.638 Thread 0x0000020dcf066bb0 Exception <a 'java/lang/NoSuchMethodError'{0x00000000ed885d30}: 'void java.lang.invoke.DirectMethodHandle$Holder.invokeSpecial(java.lang.Object, java.lang.Object, java.lang.Object)'> (0x00000000ed885d30) 
thrown [s\open\src\hotspot\share\interpreter\linkResolver.cpp, line 774]
Event: 4.650 Thread 0x0000020dcf066bb0 Exception <a 'java/lang/NoSuchMethodError'{0x00000000ed725738}: 'void java.lang.invoke.DirectMethodHandle$Holder.invokeStaticInit(java.lang.Object)'> (0x00000000ed725738) 
thrown [s\open\src\hotspot\share\interpreter\linkResolver.cpp, line 774]
Event: 4.705 Thread 0x0000020dcf066bb0 Exception <a 'java/lang/NoSuchMethodError'{0x00000000ed6fb3e0}: 'java.lang.Object java.lang.invoke.DirectMethodHandle$Holder.newInvokeSpecial(java.lang.Object, java.lang.Object, java.lang.Object, int)'> (0x00000000ed6fb3e0) 
thrown [s\open\src\hotspot\share\interpreter\linkResolver.cpp, line 774]
Event: 4.705 Thread 0x0000020dcf066bb0 Exception <a 'java/lang/NoSuchMethodError'{0x00000000ed500a30}: 'java.lang.Object java.lang.invoke.DirectMethodHandle$Holder.invokeSpecial(java.lang.Object, java.lang.Object, java.lang.Object, java.lang.Object, int)'> (0x00000000ed500a30) 
thrown [s\open\src\hotspot\share\interpreter\linkResolver.cpp, line 774]
Event: 4.706 Thread 0x0000020dcf066bb0 Exception <a 'java/lang/NoSuchMethodError'{0x00000000ed504e18}: 'java.lang.Object java.lang.invoke.Invokers$Holder.linkToTargetMethod(java.lang.Object, java.lang.Object, int, java.lang.Object)'> (0x00000000ed504e18) 
thrown [s\open\src\hotspot\share\interpreter\linkResolver.cpp, line 774]
Event: 4.801 Thread 0x0000020dcf066bb0 Exception <a 'java/lang/NoSuchMethodError'{0x00000000ed211388}: 'java.lang.Object java.lang.invoke.DirectMethodHandle$Holder.newInvokeSpecial(java.lang.Object, java.lang.Object, java.lang.Object, java.lang.Object, java.lang.Object)'> (0x00000000ed211388) 
thrown [s\open\src\hotspot\share\interpreter\linkResolver.cpp, line 774]
Event: 4.806 Thread 0x0000020dcf066bb0 Exception <a 'java/lang/NoSuchMethodError'{0x00000000ed24b1f0}: 'java.lang.Object java.lang.invoke.DirectMethodHandle$Holder.invokeVirtual(java.lang.Object, java.lang.Object, java.lang.Object, java.lang.Object, java.lang.Object, java.lang.Object, java.lang.Object, java.lang.Object, java.lang.Object, java.lang.Object)'> (0x00000000ed24b1f0) 
thrown [s\open\src\hotspot\share\interpreter\linkResolver.cpp, line 774]
Event: 4.841 Thread 0x0000020dcf066bb0 Exception <a 'java/lang/NoSuchMethodError'{0x00000000ed12e3b0}: 'int java.lang.invoke.DirectMethodHandle$Holder.invokeSpecialIFC(java.lang.Object, java.lang.Object, java.lang.Object, java.lang.Object)'> (0x00000000ed12e3b0) 
thrown [s\open\src\hotspot\share\interpreter\linkResolver.cpp, line 774]
Event: 4.843 Thread 0x0000020dcf066bb0 Exception <a 'java/lang/NoSuchMethodError'{0x00000000ed13d6a0}: 'java.lang.Object java.lang.invoke.DirectMethodHandle$Holder.invokeInterface(java.lang.Object, java.lang.Object, java.lang.Object)'> (0x00000000ed13d6a0) 
thrown [s\open\src\hotspot\share\interpreter\linkResolver.cpp, line 774]
Event: 4.844 Thread 0x0000020dcf066bb0 Exception <a 'java/lang/IncompatibleClassChangeError'{0x00000000ed1412d0}: Found class java.lang.Object, but interface was expected> (0x00000000ed1412d0) 
thrown [s\open\src\hotspot\share\interpreter\linkResolver.cpp, line 841]
Event: 4.968 Thread 0x0000020dcf066bb0 Exception <a 'java/lang/NoSuchMethodError'{0x00000000ece46b98}: 'int java.lang.invoke.DirectMethodHandle$Holder.invokeStatic(java.lang.Object, java.lang.Object, java.lang.Object, java.lang.Object)'> (0x00000000ece46b98) 
thrown [s\open\src\hotspot\share\interpreter\linkResolver.cpp, line 774]
Event: 4.972 Thread 0x0000020dcf066bb0 Exception <a 'java/lang/NoSuchMethodError'{0x00000000ece5a9a8}: 'java.lang.Object java.lang.invoke.DirectMethodHandle$Holder.newInvokeSpecial(java.lang.Object, java.lang.Object, java.lang.Object, java.lang.Object, java.lang.Object, java.lang.Object, java.lang.Object, java.lang.Object)'> (0x00000000ece5a9a8) 
thrown [s\open\src\hotspot\share\interpreter\linkResolver.cpp, line 774]
Event: 5.008 Thread 0x0000020dcf066bb0 Exception <a 'java/lang/NoSuchMethodError'{0x00000000ecd674b8}: 'java.lang.Object java.lang.invoke.DirectMethodHandle$Holder.invokeVirtual(java.lang.Object, java.lang.Object, java.lang.Object, java.lang.Object, java.lang.Object, java.lang.Object, java.lang.Object, java.lang.Object, java.lang.Object, java.lang.Object, java.lang.Object, java.lang.Object, java.lang.Object)'> (0x00000000ecd674b8) 
thrown [s\open\src\hotspot\share\interpreter\linkResolver.cpp, line 774]
Event: 5.008 Thread 0x0000020dcf066bb0 Exception <a 'java/lang/NoSuchMethodError'{0x00000000ecd6c420}: 'java.lang.Object java.lang.invoke.DirectMethodHandle$Holder.invokeSpecial(java.lang.Object, java.lang.Object, java.lang.Object, java.lang.Object, java.lang.Object, java.lang.Object, java.lang.Object, java.lang.Object, java.lang.Object, java.lang.Object, java.lang.Object, java.lang.Object, java.lang.Object, java.lang.Object)'> (0x00000000ecd6c420) 
thrown [s\open\src\hotspot\share\interpreter\linkResolver.cpp, line 774]
Event: 5.009 Thread 0x0000020dcf066bb0 Exception <a 'java/lang/NoSuchMethodError'{0x00000000ecd70e90}: 'java.lang.Object java.lang.invoke.DelegatingMethodHandle$Holder.reinvoke_L(java.lang.Object, java.lang.Object, java.lang.Object, java.lang.Object, java.lang.Object, java.lang.Object, java.lang.Object, java.lang.Object, java.lang.Object, java.lang.Object, java.lang.Object, java.lang.Object, java.lang.Object)'> (0x00000000ecd70e90) 
thrown [s\open\src\hotspot\share\interpreter\linkResolver.cpp, line 774]
Event: 5.020 Thread 0x0000020dcf066bb0 Exception <a 'java/lang/NoSuchMethodError'{0x00000000ecdd14a0}: 'java.lang.Object java.lang.invoke.DirectMethodHandle$Holder.invokeInterface(java.lang.Object, java.lang.Object)'> (0x00000000ecdd14a0) 
thrown [s\open\src\hotspot\share\interpreter\linkResolver.cpp, line 774]

VM Operations (20 events):
Event: 3.405 Executing VM operation: HandshakeAllThreads
Event: 3.405 Executing VM operation: HandshakeAllThreads done
Event: 3.505 Executing VM operation: HandshakeAllThreads
Event: 3.505 Executing VM operation: HandshakeAllThreads done
Event: 3.868 Executing VM operation: HandshakeAllThreads
Event: 3.868 Executing VM operation: HandshakeAllThreads done
Event: 3.953 Executing VM operation: HandshakeAllThreads
Event: 3.953 Executing VM operation: HandshakeAllThreads done
Event: 4.500 Executing VM operation: HandshakeAllThreads
Event: 4.501 Executing VM operation: HandshakeAllThreads done
Event: 4.501 Executing VM operation: Cleanup
Event: 4.501 Executing VM operation: Cleanup done
Event: 4.501 Executing VM operation: HandshakeAllThreads
Event: 4.501 Executing VM operation: HandshakeAllThreads done
Event: 4.702 Executing VM operation: HandshakeAllThreads
Event: 4.702 Executing VM operation: HandshakeAllThreads done
Event: 4.781 Executing VM operation: HandshakeAllThreads
Event: 4.781 Executing VM operation: HandshakeAllThreads done
Event: 4.782 Executing VM operation: HandshakeAllThreads
Event: 4.782 Executing VM operation: HandshakeAllThreads done

Events (20 events):
Event: 1.891 Thread 0x0000020dcea4bf30 Thread added: 0x0000020dcea4bf30
Event: 2.013 Thread 0x0000020dcea4bf30 Thread exited: 0x0000020dcea4bf30
Event: 2.083 Thread 0x0000020dcea4bf30 Thread added: 0x0000020dcea4bf30
Event: 2.990 Thread 0x0000020dcea4bf30 Thread exited: 0x0000020dcea4bf30
Event: 3.136 Thread 0x0000020dcea4bf30 Thread added: 0x0000020dcea4bf30
Event: 3.518 Thread 0x0000020dcf1df3e0 Thread added: 0x0000020dcf1df3e0
Event: 3.771 Thread 0x0000020dcf1d61b0 Thread added: 0x0000020dcf1d61b0
Event: 3.931 Thread 0x0000020dcee49c50 Thread added: 0x0000020dcee49c50
Event: 4.042 Thread 0x0000020dcf069b80 Thread added: 0x0000020dcf069b80
Event: 4.054 Thread 0x0000020dcf069630 Thread added: 0x0000020dcf069630
Event: 4.072 Thread 0x0000020dcf1df3e0 Thread exited: 0x0000020dcf1df3e0
Event: 4.109 Thread 0x0000020dcf06a0d0 Thread added: 0x0000020dcf06a0d0
Event: 4.121 Thread 0x0000020dcf066bb0 Thread added: 0x0000020dcf066bb0
Event: 4.141 Thread 0x0000020dcf0680f0 Thread added: 0x0000020dcf0680f0
Event: 4.146 Thread 0x0000020dcf0690e0 Thread added: 0x0000020dcf0690e0
Event: 4.159 Thread 0x0000020dcf067100 Thread added: 0x0000020dcf067100
Event: 4.483 Thread 0x0000020dcf14ca30 Thread added: 0x0000020dcf14ca30
Event: 4.703 Thread 0x0000020dcf067650 Thread added: 0x0000020dcf067650
Event: 4.715 Thread 0x0000020dcf067ba0 Thread added: 0x0000020dcf067ba0
Event: 4.753 Thread 0x0000020dcf068640 Thread added: 0x0000020dcf068640


Dynamic libraries:
0x00007ff6b2b80000 - 0x00007ff6b2b90000 	C:\Program Files\Java\jdk-19\bin\java.exe
0x00007ffdf9ed0000 - 0x00007ffdfa0e7000 	C:\WINDOWS\SYSTEM32\ntdll.dll
0x00007ffdf8e50000 - 0x00007ffdf8f14000 	C:\WINDOWS\System32\KERNEL32.DLL
0x00007ffdf7220000 - 0x00007ffdf75cd000 	C:\WINDOWS\System32\KERNELBASE.dll
0x00007ffdf7690000 - 0x00007ffdf77a1000 	C:\WINDOWS\System32\ucrtbase.dll
0x00007ffdb5410000 - 0x00007ffdb542b000 	C:\Program Files\Java\jdk-19\bin\VCRUNTIME140.dll
0x00007ffdae9f0000 - 0x00007ffdaea08000 	C:\Program Files\Java\jdk-19\bin\jli.dll
0x00007ffdf7db0000 - 0x00007ffdf7e62000 	C:\WINDOWS\System32\ADVAPI32.dll
0x00007ffdf95b0000 - 0x00007ffdf9657000 	C:\WINDOWS\System32\msvcrt.dll
0x00007ffdf7e70000 - 0x00007ffdf7f19000 	C:\WINDOWS\System32\sechost.dll
0x00007ffdf7820000 - 0x00007ffdf7848000 	C:\WINDOWS\System32\bcrypt.dll
0x00007ffdf81e0000 - 0x00007ffdf82f4000 	C:\WINDOWS\System32\RPCRT4.dll
0x00007ffdf7c00000 - 0x00007ffdf7dae000 	C:\WINDOWS\System32\USER32.dll
0x00007ffdd72b0000 - 0x00007ffdd7543000 	C:\WINDOWS\WinSxS\amd64_microsoft.windows.common-controls_6595b64144ccf1df_6.0.22621.3672_none_2713b9d173822955\COMCTL32.dll
0x00007ffdf71f0000 - 0x00007ffdf7216000 	C:\WINDOWS\System32\win32u.dll
0x00007ffdf98f0000 - 0x00007ffdf9919000 	C:\WINDOWS\System32\GDI32.dll
0x00007ffdf7ae0000 - 0x00007ffdf7bf9000 	C:\WINDOWS\System32\gdi32full.dll
0x00007ffdf78d0000 - 0x00007ffdf796a000 	C:\WINDOWS\System32\msvcp_win.dll
0x00007ffdecd20000 - 0x00007ffdecd2a000 	C:\WINDOWS\SYSTEM32\VERSION.dll
0x00007ffdf8e10000 - 0x00007ffdf8e41000 	C:\WINDOWS\System32\IMM32.DLL
0x00007ffdb7320000 - 0x00007ffdb732c000 	C:\Program Files\Java\jdk-19\bin\vcruntime140_1.dll
0x00007ffd63990000 - 0x00007ffd63a1e000 	C:\Program Files\Java\jdk-19\bin\msvcp140.dll
0x00007ffd3e900000 - 0x00007ffd3f5c0000 	C:\Program Files\Java\jdk-19\bin\server\jvm.dll
0x00007ffdc6460000 - 0x00007ffdc6469000 	C:\WINDOWS\SYSTEM32\WSOCK32.dll
0x00007ffdf9530000 - 0x00007ffdf95a1000 	C:\WINDOWS\System32\WS2_32.dll
0x00007ffdeeca0000 - 0x00007ffdeecd4000 	C:\WINDOWS\SYSTEM32\WINMM.dll
0x00007ffdf61e0000 - 0x00007ffdf61f8000 	C:\WINDOWS\SYSTEM32\kernel.appcore.dll
0x00007ffdb63b0000 - 0x00007ffdb63ba000 	C:\Program Files\Java\jdk-19\bin\jimage.dll
0x00007ffdf4920000 - 0x00007ffdf4b52000 	C:\WINDOWS\SYSTEM32\DBGHELP.DLL
0x00007ffdf9b00000 - 0x00007ffdf9e8d000 	C:\WINDOWS\System32\combase.dll
0x00007ffdf9660000 - 0x00007ffdf9737000 	C:\WINDOWS\System32\OLEAUT32.dll
0x00007ffdd4cd0000 - 0x00007ffdd4d02000 	C:\WINDOWS\SYSTEM32\dbgcore.DLL
0x00007ffdf7850000 - 0x00007ffdf78cb000 	C:\WINDOWS\System32\bcryptPrimitives.dll
0x00007ffda4b90000 - 0x00007ffda4bb6000 	C:\Program Files\Java\jdk-19\bin\java.dll
0x00007ffd638b0000 - 0x00007ffd63987000 	C:\Program Files\Java\jdk-19\bin\jsvml.dll
0x00007ffdf8300000 - 0x00007ffdf8b68000 	C:\WINDOWS\System32\SHELL32.dll
0x00007ffdf50f0000 - 0x00007ffdf59ee000 	C:\WINDOWS\SYSTEM32\windows.storage.dll
0x00007ffdf4fb0000 - 0x00007ffdf50ef000 	C:\WINDOWS\SYSTEM32\wintypes.dll
0x00007ffdf97f0000 - 0x00007ffdf98e9000 	C:\WINDOWS\System32\SHCORE.dll
0x00007ffdf8db0000 - 0x00007ffdf8e0e000 	C:\WINDOWS\System32\shlwapi.dll
0x00007ffdf7120000 - 0x00007ffdf7141000 	C:\WINDOWS\SYSTEM32\profapi.dll
0x00007ffd94cb0000 - 0x00007ffd94cc3000 	C:\Program Files\Java\jdk-19\bin\net.dll
0x00007ffdf01f0000 - 0x00007ffdf0326000 	C:\WINDOWS\SYSTEM32\WINHTTP.dll
0x00007ffdf6650000 - 0x00007ffdf66b9000 	C:\WINDOWS\system32\mswsock.dll
0x00007ffd937a0000 - 0x00007ffd937b6000 	C:\Program Files\Java\jdk-19\bin\nio.dll
0x00007ffd8fc80000 - 0x00007ffd8fc98000 	C:\Program Files\Java\jdk-19\bin\zip.dll
0x00007ffdae960000 - 0x00007ffdae970000 	C:\Program Files\Java\jdk-19\bin\verify.dll
0x00007ffd89cb0000 - 0x00007ffd89cd7000 	C:\Users\FPT SHOP\.gradle\native\e1d6ef7f7dcc3fd88c89a11ec53ec762bb8ba0a96d01ffa2cd45eb1d1d8dd5c5\windows-amd64\native-platform.dll
0x00007ffd66200000 - 0x00007ffd66344000 	C:\Users\FPT SHOP\.gradle\native\5664cfc778a61ccfe75a443a1ab52a65af34e5dc3c78e0209fed803814484fcb\windows-amd64\native-platform-file-events.dll
0x00007ffdadca0000 - 0x00007ffdadcaa000 	C:\Program Files\Java\jdk-19\bin\management.dll
0x00007ffdab040000 - 0x00007ffdab04b000 	C:\Program Files\Java\jdk-19\bin\management_ext.dll
0x00007ffdf9500000 - 0x00007ffdf9508000 	C:\WINDOWS\System32\PSAPI.DLL
0x00007ffdf6870000 - 0x00007ffdf688b000 	C:\WINDOWS\SYSTEM32\CRYPTSP.dll
0x00007ffdf6140000 - 0x00007ffdf6175000 	C:\WINDOWS\system32\rsaenh.dll
0x00007ffdf6710000 - 0x00007ffdf6738000 	C:\WINDOWS\SYSTEM32\USERENV.dll
0x00007ffdf6890000 - 0x00007ffdf689c000 	C:\WINDOWS\SYSTEM32\CRYPTBASE.dll
0x00007ffdf5c50000 - 0x00007ffdf5c7d000 	C:\WINDOWS\SYSTEM32\IPHLPAPI.DLL
0x00007ffdf80f0000 - 0x00007ffdf80f9000 	C:\WINDOWS\System32\NSI.dll
0x00007ffdef7a0000 - 0x00007ffdef7b9000 	C:\WINDOWS\SYSTEM32\dhcpcsvc6.DLL
0x00007ffdef6d0000 - 0x00007ffdef6ef000 	C:\WINDOWS\SYSTEM32\dhcpcsvc.DLL
0x00007ffdf5cc0000 - 0x00007ffdf5db8000 	C:\WINDOWS\SYSTEM32\DNSAPI.dll
0x00007ffdaa890000 - 0x00007ffdaa898000 	C:\Program Files\Java\jdk-19\bin\extnet.dll
0x00007ffda88e0000 - 0x00007ffda88ee000 	C:\Program Files\Java\jdk-19\bin\sunmscapi.dll
0x00007ffdf7970000 - 0x00007ffdf7ad7000 	C:\WINDOWS\System32\CRYPT32.dll
0x00007ffdf6a90000 - 0x00007ffdf6abe000 	C:\WINDOWS\SYSTEM32\ncrypt.dll
0x00007ffdf6a50000 - 0x00007ffdf6a87000 	C:\WINDOWS\SYSTEM32\NTASN1.dll
0x00007ffdbc270000 - 0x00007ffdbc278000 	C:\WINDOWS\system32\wshunix.dll

dbghelp: loaded successfully - version: 4.0.5 - missing functions: none
symbol engine: initialized successfully - sym options: 0x614 - pdb path: .;C:\Program Files\Java\jdk-19\bin;C:\WINDOWS\SYSTEM32;C:\WINDOWS\WinSxS\amd64_microsoft.windows.common-controls_6595b64144ccf1df_6.0.22621.3672_none_2713b9d173822955;C:\Program Files\Java\jdk-19\bin\server;C:\Users\FPT SHOP\.gradle\native\e1d6ef7f7dcc3fd88c89a11ec53ec762bb8ba0a96d01ffa2cd45eb1d1d8dd5c5\windows-amd64;C:\Users\FPT SHOP\.gradle\native\5664cfc778a61ccfe75a443a1ab52a65af34e5dc3c78e0209fed803814484fcb\windows-amd64

VM Arguments:
jvm_args: --add-opens=java.base/java.util=ALL-UNNAMED --add-opens=java.base/java.lang=ALL-UNNAMED --add-opens=java.base/java.lang.invoke=ALL-UNNAMED --add-opens=java.base/java.util=ALL-UNNAMED --add-opens=java.prefs/java.util.prefs=ALL-UNNAMED --add-opens=java.prefs/java.util.prefs=ALL-UNNAMED --add-opens=java.base/java.nio.charset=ALL-UNNAMED --add-opens=java.base/java.net=ALL-UNNAMED --add-opens=java.base/java.util.concurrent.atomic=ALL-UNNAMED -XX:MaxMetaspaceSize=256m -XX:+HeapDumpOnOutOfMemoryError -Xms256m -Xmx512m -Dfile.encoding=windows-1252 -Duser.country=US -Duser.language=en -Duser.variant 
java_command: org.gradle.launcher.daemon.bootstrap.GradleDaemon 7.2
java_class_path (initial): C:\Users\FPT SHOP\.gradle\wrapper\dists\gradle-7.2-bin\2dnblmf4td7x66yl1d74lt32g\gradle-7.2\lib\gradle-launcher-7.2.jar
Launcher Type: SUN_STANDARD

[Global flags]
     intx CICompilerCount                          = 4                                         {product} {ergonomic}
   size_t CompressedClassSpaceSize                 = 218103808                                 {product} {ergonomic}
     uint ConcGCThreads                            = 2                                         {product} {ergonomic}
     uint G1ConcRefinementThreads                  = 8                                         {product} {ergonomic}
   size_t G1HeapRegionSize                         = 1048576                                   {product} {ergonomic}
    uintx GCDrainStackTargetSize                   = 64                                        {product} {ergonomic}
     bool HeapDumpOnOutOfMemoryError               = true                                   {manageable} {command line}
   size_t InitialHeapSize                          = 268435456                                 {product} {command line}
   size_t MarkStackSize                            = 4194304                                   {product} {ergonomic}
   size_t MaxHeapSize                              = 536870912                                 {product} {command line}
   size_t MaxMetaspaceSize                         = 268435456                                 {product} {command line}
   size_t MaxNewSize                               = 321912832                                 {product} {ergonomic}
   size_t MinHeapDeltaBytes                        = 1048576                                   {product} {ergonomic}
   size_t MinHeapSize                              = 268435456                                 {product} {command line}
    uintx NonNMethodCodeHeapSize                   = 5839372                                {pd product} {ergonomic}
    uintx NonProfiledCodeHeapSize                  = 122909434                              {pd product} {ergonomic}
    uintx ProfiledCodeHeapSize                     = 122909434                              {pd product} {ergonomic}
    uintx ReservedCodeCacheSize                    = 251658240                              {pd product} {ergonomic}
     bool SegmentedCodeCache                       = true                                      {product} {ergonomic}
   size_t SoftMaxHeapSize                          = 536870912                              {manageable} {ergonomic}
     bool UseCompressedClassPointers               = true                           {product lp64_product} {ergonomic}
     bool UseCompressedOops                        = true                           {product lp64_product} {ergonomic}
     bool UseG1GC                                  = true                                      {product} {ergonomic}
     bool UseLargePagesIndividualAllocation        = false                                  {pd product} {ergonomic}

Logging:
Log output configuration:
 #0: stdout all=warning uptime,level,tags foldmultilines=false
 #1: stderr all=off uptime,level,tags foldmultilines=false

Environment Variables:
JAVA_HOME=C:\Program Files\Java\jdk-19
PATH=C:\Python312\Scripts\;C:\Python312\;C:\WINDOWS\system32;C:\WINDOWS;C:\WINDOWS\System32\Wbem;C:\WINDOWS\System32\WindowsPowerShell\v1.0\;C:\WINDOWS\System32\OpenSSH\;C:\Program Files\Microsoft SQL Server\Client SDK\ODBC\170\Tools\Binn\;C:\Program Files (x86)\Microsoft SQL Server\150\Tools\Binn\;C:\Program Files\Microsoft SQL Server\150\Tools\Binn\;C:\Program Files\Microsoft SQL Server\150\DTS\Binn\;C:\Program Files\Azure Data Studio\bin;C:\Program Files\MySQL\MySQL Server 8.0\bin;C:\Program Files\TortoiseSVN\bin;C:\Program Files (x86)\Microsoft SQL Server\160\Tools\Binn\;C:\Program Files\Microsoft SQL Server\160\Tools\Binn\;C:\Program Files\Microsoft SQL Server\160\DTS\Binn\;C:\Program Files\MySQL\MySQL Server 8.0\bin;C:\Program Files\Git\cmd;C:\Program Files\Java\jdk-19\bin;C:\Program Files\apache-maven-3.8.8\bin;C:\ProgramData\chocolatey\bin;C:\Program Files\nodejs\;C:\Program Files\Docker\Docker\resources\bin;C:\Program Files\MySQL\MySQL Shell 8.0\bin\;C:\Program Files\Java\jdk-20\bin;C:\Users\FPT SHOP\AppData\Local\Microsoft\WindowsApps;C:\Program Files\JetBrains\PhpStorm 2022.1.3\bin;;C:\Program Files\Azure Data Studio\bin;C:\msys64\mingw64\bin;C:\Program Files\JetBrains\IntelliJ IDEA Community Edition 2023.1.2\bin;;C:\Program Files\Microsoft VS Code\bin;C:\Users\FPT SHOP\AppData\Roaming\npm
USERNAME=FPT SHOP
OS=Windows_NT
PROCESSOR_IDENTIFIER=Intel64 Family 6 Model 140 Stepping 1, GenuineIntel
TMP=C:\Users\FPTSHO~1\AppData\Local\Temp
TEMP=C:\Users\FPTSHO~1\AppData\Local\Temp



---------------  S Y S T E M  ---------------

OS:
 Windows 11 , 64 bit Build 22621 (10.0.22621.3958)
OS uptime: 2 days 17:48 hours
Hyper-V role detected

CPU: total 8 (initial active 8) (4 cores per cpu, 2 threads per core) family 6 model 140 stepping 1 microcode 0xb4, cx8, cmov, fxsr, ht, mmx, 3dnowpref, sse, sse2, sse3, ssse3, sse4.1, sse4.2, popcnt, lzcnt, tsc, tscinvbit, avx, avx2, aes, erms, clmul, bmi1, bmi2, adx, avx512f, avx512dq, avx512cd, avx512bw, avx512vl, sha, fma, vzeroupper, avx512_vpopcntdq, avx512_vpclmulqdq, avx512_vaes, avx512_vnni, clflush, clflushopt, clwb, avx512_vbmi2, avx512_vbmi, hv, rdtscp, rdpid, fsrm, gfni, avx512_bitalg

Memory: 4k page, system-wide physical 7834M (396M free)
TotalPageFile size 21265M (AvailPageFile size 15M)
current process WorkingSet (physical memory assigned to process): 172M, peak: 175M
current process commit charge ("private bytes"): 415M, peak: 421M

vm_info: Java HotSpot(TM) 64-Bit Server VM (19.0.2+7-44) for windows-amd64 JRE (19.0.2+7-44), built on 2022-11-30T18:02:09Z by "mach5one" with MS VC++ 17.1 (VS2022)

END.
